============================= test session starts ==============================
platform darwin -- Python 3.13.5, pytest-9.0.2, pluggy-1.6.0 -- /Users/christophersteinberg/Documents/GitHub/bins/.venv/bin/python3
cachedir: .pytest_cache
rootdir: /Users/christophersteinberg/Documents/GitHub/bins
configfile: pyproject.toml
plugins: anyio-4.12.1, asyncio-1.3.0
asyncio: mode=Mode.STRICT, debug=False, asyncio_default_fixture_loop_scope=None, asyncio_default_test_loop_scope=function
collecting ... collected 236 items

tests/test_api_scrapers.py::test_lookup[aberdeenshire_gov_uk_Test_001] FAILED [  0%]
tests/test_api_scrapers.py::test_lookup[adur_worthing_gov_uk_Test_001] PASSED [  0%]
tests/test_api_scrapers.py::test_lookup[allerdale_gov_uk_Keswick] FAILED [  1%]
tests/test_api_scrapers.py::test_lookup[ambervalley_gov_uk_Test_001] PASSED [  1%]
tests/test_api_scrapers.py::test_lookup[angus_gov_uk_Test] FAILED        [  2%]
tests/test_api_scrapers.py::test_lookup[antrimandnewtownabbey_gov_uk_uprn + id] FAILED [  2%]
tests/test_api_scrapers.py::test_lookup[ardsandnorthdown_gov_uk_185833845] PASSED [  2%]
tests/test_api_scrapers.py::test_lookup[armaghbanbridgecraigavon_gov_uk_BT667ES] FAILED [  3%]
tests/test_api_scrapers.py::test_lookup[arun_gov_uk_Test_001] FAILED     [  3%]
tests/test_api_scrapers.py::test_lookup[ashfield_gov_uk_1 Acacia Avenue, Annesley Woodhouse, Nottingham, NG17 9BH] FAILED [  4%]
tests/test_api_scrapers.py::test_lookup[ashford_gov_uk_100060796052] FAILED [  4%]
tests/test_api_scrapers.py::test_lookup[barnsley_gov_uk_S71 1EE 100050671689] PASSED [  5%]
tests/test_api_scrapers.py::test_lookup[basildon_gov_uk_Test_Addres_001] FAILED [  5%]
tests/test_api_scrapers.py::test_lookup[basingstoke_gov_uk_Test_001] FAILED [  5%]
tests/test_api_scrapers.py::test_lookup[bathnes_gov_uk_uprn] FAILED      [  6%]
tests/test_api_scrapers.py::test_lookup[bcp_gov_uk_Test_001] PASSED      [  6%]
tests/test_api_scrapers.py::test_lookup[bedford_gov_uk_Test_001] PASSED  [  7%]
tests/test_api_scrapers.py::test_lookup[belfast_city_gov_uk_Test_1] PASSED [  7%]
tests/test_api_scrapers.py::test_lookup[bexley_gov_uk_Test_001] PASSED   [  8%]
tests/test_api_scrapers.py::test_lookup[birmingham_gov_uk_Cherry Tree Croft] PASSED [  8%]
tests/test_api_scrapers.py::test_lookup[blaby_gov_uk_Test_001] FAILED    [  8%]
tests/test_api_scrapers.py::test_lookup[blackburn_gov_uk_Test_001] FAILED [  9%]
tests/test_api_scrapers.py::test_lookup[blackpool_gov_uk_Test1] PASSED   [  9%]
tests/test_api_scrapers.py::test_lookup[bolton_gov_uk_Test_Postcode_Without_Space] FAILED [ 10%]
tests/test_api_scrapers.py::test_lookup[bracknell_forest_gov_uk_44 Kennel Lane] FAILED [ 10%]
tests/test_api_scrapers.py::test_lookup[bradford_gov_uk_Ilkley] FAILED   [ 11%]
tests/test_api_scrapers.py::test_lookup[braintree_gov_uk_30 Boars Tye Road] FAILED [ 11%]
tests/test_api_scrapers.py::test_lookup[breckland_gov_uk_test1] PASSED   [ 11%]
tests/test_api_scrapers.py::test_lookup[bristol_gov_uk_Test_001] PASSED  [ 12%]
tests/test_api_scrapers.py::test_lookup[bromley_gov_uk_Test_001] FAILED  [ 12%]
tests/test_api_scrapers.py::test_lookup[bromsgrove_gov_uk_Shakespeare House] PASSED [ 13%]
tests/test_api_scrapers.py::test_lookup[broxbourne_gov_uk_Old School Cottage (Domestic Waste Only)] PASSED [ 13%]
tests/test_api_scrapers.py::test_lookup[broxtowe_gov_uk_100031343805 NG9 2NL] PASSED [ 13%]
tests/test_api_scrapers.py::test_lookup[burnley_gov_uk_Test_001] PASSED  [ 14%]
tests/test_api_scrapers.py::test_lookup[bury_gov_uk_Test_Address_001] FAILED [ 14%]
tests/test_api_scrapers.py::test_lookup[calderdale_gov_uk_Test_1] PASSED [ 15%]
tests/test_api_scrapers.py::test_lookup[cambridge_gov_uk_houseNumber] FAILED [ 15%]
tests/test_api_scrapers.py::test_lookup[camden_gov_uk_Cannon Place] PASSED [ 16%]
tests/test_api_scrapers.py::test_lookup[cannock_chase_dc_gov_uk_Test_001] PASSED [ 16%]
tests/test_api_scrapers.py::test_lookup[canterbury_gov_uk_houseNumber] FAILED [ 16%]
tests/test_api_scrapers.py::test_lookup[cardiff_gov_uk_Glass] FAILED     [ 17%]
tests/test_api_scrapers.py::test_lookup[centralbedfordshire_gov_uk_postcode has space] FAILED [ 17%]
tests/test_api_scrapers.py::test_lookup[charnwood_gov_uk_111, Main Street, Swithland] FAILED [ 18%]
tests/test_api_scrapers.py::test_lookup[chelmsford_gov_uk_Test_001] FAILED [ 18%]
tests/test_api_scrapers.py::test_lookup[cherwell_gov_uk_Test_001] PASSED [ 19%]
tests/test_api_scrapers.py::test_lookup[cheshire_east_gov_uk_houseUPRN-VerifyTrue] FAILED [ 19%]
tests/test_api_scrapers.py::test_lookup[cheshire_west_and_chester_gov_uk_Chester] PASSED [ 19%]
tests/test_api_scrapers.py::test_lookup[chesterfield_gov_uk_Test_001] FAILED [ 20%]
tests/test_api_scrapers.py::test_lookup[chichester_gov_uk_Test_001] FAILED [ 20%]
tests/test_api_scrapers.py::test_lookup[chiltern_gov_uk_Test_004] FAILED [ 21%]
tests/test_api_scrapers.py::test_lookup[colchester_gov_uk_Church Road, Colchester] FAILED [ 21%]
tests/test_api_scrapers.py::test_lookup[conwy_gov_uk_50000009637] PASSED [ 22%]
tests/test_api_scrapers.py::test_lookup[cornwall_gov_uk_known_uprn] PASSED [ 22%]
tests/test_api_scrapers.py::test_lookup[coventry_gov_uk_Test_001] FAILED [ 22%]
tests/test_api_scrapers.py::test_lookup[crawley_gov_uk_Feroners Cl] PASSED [ 23%]
tests/test_api_scrapers.py::test_lookup[croydon_gov_uk_Test_001] FAILED  [ 23%]
tests/test_api_scrapers.py::test_lookup[cumberland_gov_uk_Test_001] FAILED [ 24%]
tests/test_api_scrapers.py::test_lookup[dacorum_gov_uk_Test_001] PASSED  [ 24%]
tests/test_api_scrapers.py::test_lookup[darlington_gov_uk_10013321444] PASSED [ 25%]
tests/test_api_scrapers.py::test_lookup[denbighshire_gov_uk_10003928409] PASSED [ 25%]
tests/test_api_scrapers.py::test_lookup[derby_gov_uk_22A Wood Road, Chaddesden, Derby, DE21 4LU] FAILED [ 25%]
tests/test_api_scrapers.py::test_lookup[doncaster_gov_uk_Test_001] PASSED [ 26%]
tests/test_api_scrapers.py::test_lookup[dorset_gov_uk_Test_001] PASSED   [ 26%]
tests/test_api_scrapers.py::test_lookup[dover_gov_uk_200002423404] PASSED [ 27%]
tests/test_api_scrapers.py::test_lookup[dudley_gov_uk_Test_001] FAILED   [ 27%]
tests/test_api_scrapers.py::test_lookup[dundeecity_gov_uk_Test_1] PASSED [ 27%]
tests/test_api_scrapers.py::test_lookup[durham_gov_uk_Test_001] PASSED   [ 28%]
tests/test_api_scrapers.py::test_lookup[ealing_gov_uk_11 LOTHAIR ROAD, EALING, LONDON, W5 4TA] PASSED [ 28%]
tests/test_api_scrapers.py::test_lookup[east_ayrshire_gov_uk_Test_001] PASSED [ 29%]
tests/test_api_scrapers.py::test_lookup[east_northamptonshire_gov_uk_Raunds] PASSED [ 29%]
tests/test_api_scrapers.py::test_lookup[east_renfrewshire_gov_uk_Test_001] FAILED [ 30%]
tests/test_api_scrapers.py::test_lookup[eastcambs_gov_uk_East Cambridgeshire District Council, CB7 4EE] PASSED [ 30%]
tests/test_api_scrapers.py::test_lookup[eastdevon_gov_uk_Test_001] PASSED [ 30%]
tests/test_api_scrapers.py::test_lookup[eastdunbarton_gov_uk_Test_001] FAILED [ 31%]
tests/test_api_scrapers.py::test_lookup[eastherts_gov_uk_Example] PASSED [ 31%]
tests/test_api_scrapers.py::test_lookup[eastleigh_gov_uk_100060319000] FAILED [ 32%]
tests/test_api_scrapers.py::test_lookup[eastlothian_gov_uk_EH21 8GU 4 Laing Loan, Wallyford] FAILED [ 32%]
tests/test_api_scrapers.py::test_lookup[eastriding_gov_uk_Test_001] PASSED [ 33%]
tests/test_api_scrapers.py::test_lookup[elmbridge_gov_uk_Test_001] PASSED [ 33%]
tests/test_api_scrapers.py::test_lookup[erewash_gov_uk_Test_001] PASSED  [ 33%]
tests/test_api_scrapers.py::test_lookup[exeter_gov_uk_Test_001] PASSED   [ 34%]
tests/test_api_scrapers.py::test_lookup[fareham_gov_uk_HUNTS_POND_ROAD] FAILED [ 34%]
tests/test_api_scrapers.py::test_lookup[fenland_gov_uk_Address1] FAILED  [ 35%]
tests/test_api_scrapers.py::test_lookup[fife_gov_uk_SANDYHILL ROAD, ST ANDREWS] PASSED [ 35%]
tests/test_api_scrapers.py::test_lookup[flintshire_gov_uk_100100211557] PASSED [ 36%]
tests/test_api_scrapers.py::test_lookup[folkestone_hythe_gov_uk_Folkestone_Test] FAILED [ 36%]
tests/test_api_scrapers.py::test_lookup[fylde_gov_uk_Test1] FAILED       [ 36%]
tests/test_api_scrapers.py::test_lookup[gateshead_gov_uk_Test_001] FAILED [ 37%]
tests/test_api_scrapers.py::test_lookup[glasgow_gov_uk_test 1 - house] PASSED [ 37%]
tests/test_api_scrapers.py::test_lookup[guildford_gov_uk_GU12] PASSED    [ 38%]
tests/test_api_scrapers.py::test_lookup[gwynedd_gov_uk_200003177805] PASSED [ 38%]
tests/test_api_scrapers.py::test_lookup[haringey_gov_uk_Test_001] PASSED [ 38%]
tests/test_api_scrapers.py::test_lookup[harlow_gov_uk_12 Kingfisher Gate, Old Harlow] PASSED [ 39%]
tests/test_api_scrapers.py::test_lookup[harrow_gov_uk_1 Dudley Gardens] FAILED [ 39%]
tests/test_api_scrapers.py::test_lookup[hart_gov_uk_Test_001] PASSED     [ 40%]
tests/test_api_scrapers.py::test_lookup[hartlepool_gov_uk_Test_001] PASSED [ 40%]
tests/test_api_scrapers.py::test_lookup[hastings_gov_uk_Test_001] FAILED [ 41%]
tests/test_api_scrapers.py::test_lookup[havering_gov_uk_53 Argyle Gardens] PASSED [ 41%]
tests/test_api_scrapers.py::test_lookup[herefordshire_gov_uk_houseNumber] FAILED [ 41%]
tests/test_api_scrapers.py::test_lookup[highland_gov_uk_Allangrange Mains Road, Black Isle] FAILED [ 42%]
tests/test_api_scrapers.py::test_lookup[highpeak_gov_uk_SK23 6BQ 10010724045] FAILED [ 42%]
tests/test_api_scrapers.py::test_lookup[horsham_gov_uk_Blackthorn Avenue - number] PASSED [ 43%]
tests/test_api_scrapers.py::test_lookup[hounslow_gov_uk_10090801236] FAILED [ 43%]
tests/test_api_scrapers.py::test_lookup[hull_gov_uk_21095794] PASSED     [ 44%]
tests/test_api_scrapers.py::test_lookup[huntingdonshire_gov_uk_Wells Close, Brampton] PASSED [ 44%]
tests/test_api_scrapers.py::test_lookup[islington_gov_uk_Test_001] PASSED [ 44%]
tests/test_api_scrapers.py::test_lookup[kirklees_gov_uk_Test_001] FAILED [ 45%]
tests/test_api_scrapers.py::test_lookup[knowsley_gov_uk_L364AR 000040082756] PASSED [ 45%]
tests/test_api_scrapers.py::test_lookup[lancaster_gov_uk_1 Queen Street Lancaster, LA1 1RS] FAILED [ 46%]
tests/test_api_scrapers.py::test_lookup[lbbd_gov_uk_100 Heathway] PASSED [ 46%]
tests/test_api_scrapers.py::test_lookup[lewisham_gov_uk_houseNumber] FAILED [ 47%]
tests/test_api_scrapers.py::test_lookup[lichfielddc_gov_uk_Test_001] PASSED [ 47%]
tests/test_api_scrapers.py::test_lookup[lincoln_gov_uk_LN5 7SH 000235024846] PASSED [ 47%]
tests/test_api_scrapers.py::test_lookup[lisburn_castlereagh_gov_uk_Test_001] FAILED [ 48%]
tests/test_api_scrapers.py::test_lookup[liverpool_gov_uk_52 Swallowhurst Crescent Liverpool L11 2UZ] PASSED [ 48%]
tests/test_api_scrapers.py::test_lookup[maidstone_gov_uk_Test_001] PASSED [ 49%]
tests/test_api_scrapers.py::test_lookup[maldon_gov_uk_test 1] PASSED     [ 49%]
tests/test_api_scrapers.py::test_lookup[mansfield_gov_uk_Test_001] PASSED [ 50%]
tests/test_api_scrapers.py::test_lookup[melton_gov_uk_Test_001] PASSED   [ 50%]
tests/test_api_scrapers.py::test_lookup[merton_gov_uk_Without Garden Waste] FAILED [ 50%]
tests/test_api_scrapers.py::test_lookup[mid_devon_gov_uk_Bradninch] PASSED [ 51%]
tests/test_api_scrapers.py::test_lookup[midandeastantrim_gov_uk_185438838] PASSED [ 51%]
tests/test_api_scrapers.py::test_lookup[midsussex_gov_uk_Test Case 1: 23 High Street] FAILED [ 52%]
tests/test_api_scrapers.py::test_lookup[milton_keynes_gov_uk_North Row, Central] PASSED [ 52%]
tests/test_api_scrapers.py::test_lookup[monmouthshire_gov_uk_200000952833] FAILED [ 52%]
tests/test_api_scrapers.py::test_lookup[moray_gov_uk_Test_001] FAILED    [ 53%]
tests/test_api_scrapers.py::test_lookup[neath_port_talbot_gov_uk_Test_001] PASSED [ 53%]
tests/test_api_scrapers.py::test_lookup[nelincs_gov_uk_11042949] PASSED  [ 54%]
tests/test_api_scrapers.py::test_lookup[newark_sherwooddc_gov_uk_Edwinstowe] FAILED [ 54%]
tests/test_api_scrapers.py::test_lookup[newcastle_gov_uk_Test_001] PASSED [ 55%]
tests/test_api_scrapers.py::test_lookup[newcastle_staffs_gov_uk_Test_001] PASSED [ 55%]
tests/test_api_scrapers.py::test_lookup[newham_gov_uk_Test_001] FAILED   [ 55%]
tests/test_api_scrapers.py::test_lookup[north_ayrshire_gov_uk_Test_001] FAILED [ 56%]
tests/test_api_scrapers.py::test_lookup[north_norfolk_gov_uk_Test_001] FAILED [ 56%]
tests/test_api_scrapers.py::test_lookup[northherts_gov_uk_Example] FAILED [ 57%]
tests/test_api_scrapers.py::test_lookup[northlanarkshire_gov_uk_Test_001] PASSED [ 57%]
tests/test_api_scrapers.py::test_lookup[northlincs_gov_uk_Test_001] PASSED [ 58%]
tests/test_api_scrapers.py::test_lookup[northnorthants_gov_uk_100030987513] PASSED [ 58%]
tests/test_api_scrapers.py::test_lookup[northyorks_hambleton_gov_uk_010070735142] PASSED [ 58%]
tests/test_api_scrapers.py::test_lookup[northyorks_harrogate_gov_uk_Test_001] PASSED [ 59%]
tests/test_api_scrapers.py::test_lookup[northyorks_ryedale_gov_uk_10007630387] PASSED [ 59%]
tests/test_api_scrapers.py::test_lookup[northyorks_scarborough_gov_uk_100052176620] PASSED [ 60%]
tests/test_api_scrapers.py::test_lookup[northyorks_selby_gov_uk_100052176620] PASSED [ 60%]
tests/test_api_scrapers.py::test_lookup[norwich_gov_uk_GoodExample] FAILED [ 61%]
tests/test_api_scrapers.py::test_lookup[nottingham_city_gov_uk_Douglas Rd, Nottingham NG7 1NW] PASSED [ 61%]
tests/test_api_scrapers.py::test_lookup[nsomerset_gov_uk_Walliscote Grove Road, Weston super Mare] PASSED [ 61%]
tests/test_api_scrapers.py::test_lookup[nwleics_gov_uk_Dunmore] FAILED   [ 62%]
tests/test_api_scrapers.py::test_lookup[oadby_wigston_gov_uk_111, Main Street, Swithland] FAILED [ 62%]
tests/test_api_scrapers.py::test_lookup[oldham_gov_uk_Test_001] FAILED   [ 63%]
tests/test_api_scrapers.py::test_lookup[oxford_gov_uk_Magdalen Road] FAILED [ 63%]
tests/test_api_scrapers.py::test_lookup[pembrokeshire_gov_uk_Dew Street] PASSED [ 63%]
tests/test_api_scrapers.py::test_lookup[peterborough_gov_uk_houseUprn] PASSED [ 64%]
tests/test_api_scrapers.py::test_lookup[plymouth_gov_uk_Test_001] PASSED [ 64%]
tests/test_api_scrapers.py::test_lookup[portsmouth_gov_uk_Fawcett Road - number] PASSED [ 65%]
tests/test_api_scrapers.py::test_lookup[preston_gov_uk_Test_001] FAILED  [ 65%]
tests/test_api_scrapers.py::test_lookup[rbwm_gov_uk_Windsor 1] PASSED    [ 66%]
tests/test_api_scrapers.py::test_lookup[rctcbc_gov_uk_Test_001] PASSED   [ 66%]
tests/test_api_scrapers.py::test_lookup[reading_gov_uk_known_uprn] FAILED [ 66%]
tests/test_api_scrapers.py::test_lookup[redbridge_gov_uk_council office recycling only] FAILED [ 67%]
tests/test_api_scrapers.py::test_lookup[reigatebanstead_gov_uk_Test_001] PASSED [ 67%]
tests/test_api_scrapers.py::test_lookup[renfrewshire_gov_uk_Test_001] PASSED [ 68%]
tests/test_api_scrapers.py::test_lookup[richmondshire_gov_uk_test1] FAILED [ 68%]
tests/test_api_scrapers.py::test_lookup[rochdale_gov_uk_Test_001] PASSED [ 69%]
tests/test_api_scrapers.py::test_lookup[rother_gov_uk_Test_01] FAILED    [ 69%]
tests/test_api_scrapers.py::test_lookup[rotherham_gov_uk_374 Kimberworth Park Rd] FAILED [ 69%]
tests/test_api_scrapers.py::test_lookup[royalgreenwich_gov_uk_address] FAILED [ 70%]
tests/test_api_scrapers.py::test_lookup[rugby_gov_uk_Test_001] PASSED    [ 70%]
tests/test_api_scrapers.py::test_lookup[runnymede_gov_uk_Acacia Close/uprn as string] PASSED [ 71%]
tests/test_api_scrapers.py::test_lookup[rushcliffe_gov_uk_NG12 5FE 2 Church Drive, Keyworth, NOTTINGHAM, NG12 5FE] FAILED [ 71%]
tests/test_api_scrapers.py::test_lookup[rushmoor_gov_uk_GU14] PASSED     [ 72%]
tests/test_api_scrapers.py::test_lookup[salford_gov_uk_domestic] PASSED  [ 72%]
tests/test_api_scrapers.py::test_lookup[sandwell_gov_uk_uprn_10008535856] PASSED [ 72%]
tests/test_api_scrapers.py::test_lookup[scambs_gov_uk_houseNumber] FAILED [ 73%]
tests/test_api_scrapers.py::test_lookup[scotborders_gov_uk_Test] PASSED  [ 73%]
tests/test_api_scrapers.py::test_lookup[sefton_gov_uk_Issue2369] FAILED  [ 74%]
tests/test_api_scrapers.py::test_lookup[sheffield_gov_uk_test001] FAILED [ 74%]
tests/test_api_scrapers.py::test_lookup[sholland_gov_uk_10002546801] FAILED [ 75%]
tests/test_api_scrapers.py::test_lookup[shropshire_gov_uk_100070056686] PASSED [ 75%]
tests/test_api_scrapers.py::test_lookup[solihull_gov_uk_100070994046] PASSED [ 75%]
tests/test_api_scrapers.py::test_lookup[south_norfolk_and_broadland_gov_uk_Random address] FAILED [ 76%]
tests/test_api_scrapers.py::test_lookup[southampton_gov_uk_UPRN_001] PASSED [ 76%]
tests/test_api_scrapers.py::test_lookup[southderbyshire_gov_uk_test case 1] PASSED [ 77%]
tests/test_api_scrapers.py::test_lookup[southglos_gov_uk_Test_001] PASSED [ 77%]
tests/test_api_scrapers.py::test_lookup[southkesteven_gov_uk_Long Bennington] FAILED [ 77%]
tests/test_api_scrapers.py::test_lookup[southtyneside_gov_uk_Test_001] PASSED [ 78%]
tests/test_api_scrapers.py::test_lookup[st_helens_gov_uk_Test_001] FAILED [ 78%]
tests/test_api_scrapers.py::test_lookup[staffordbc_gov_uk_domestic] PASSED [ 79%]
tests/test_api_scrapers.py::test_lookup[stalbans_gov_uk_55 St John's Ct] PASSED [ 79%]
tests/test_api_scrapers.py::test_lookup[stevenage_gov_uk_Chepstow Close] FAILED [ 80%]
tests/test_api_scrapers.py::test_lookup[stockport_gov_uk_domestic] PASSED [ 80%]
tests/test_api_scrapers.py::test_lookup[stockton_gov_uk_100110203615] FAILED [ 80%]
tests/test_api_scrapers.py::test_lookup[stoke_gov_uk_Test1] FAILED       [ 81%]
tests/test_api_scrapers.py::test_lookup[stratford_gov_uk_Stratford DC] PASSED [ 81%]
tests/test_api_scrapers.py::test_lookup[stroud_gov_uk_GL6+9BW 100120517945] PASSED [ 82%]
tests/test_api_scrapers.py::test_lookup[sunderland_gov_uk_Test_001] FAILED [ 82%]
tests/test_api_scrapers.py::test_lookup[sutton_gov_uk_4721996] FAILED    [ 83%]
tests/test_api_scrapers.py::test_lookup[swale_gov_uk_Swale House] FAILED [ 83%]
tests/test_api_scrapers.py::test_lookup[swansea_gov_uk_Cwmdonkin Drive] FAILED [ 83%]
tests/test_api_scrapers.py::test_lookup[swindon_gov_uk_1 Nyland Road] PASSED [ 84%]
tests/test_api_scrapers.py::test_lookup[tameside_gov_uk_Test_001] PASSED [ 84%]
tests/test_api_scrapers.py::test_lookup[telford_gov_uk_10 Long Row Drive, Lawley] PASSED [ 85%]
tests/test_api_scrapers.py::test_lookup[tewkesbury_gov_uk_UPRN example] FAILED [ 85%]
tests/test_api_scrapers.py::test_lookup[thanet_gov_uk_uprn] FAILED       [ 86%]
tests/test_api_scrapers.py::test_lookup[thurrock_gov_uk_Camden Close Chadwell St Mary] FAILED [ 86%]
tests/test_api_scrapers.py::test_lookup[tmbc_gov_uk_High Street, West Malling] FAILED [ 86%]
tests/test_api_scrapers.py::test_lookup[torridge_gov_uk_Test_001] FAILED [ 87%]
tests/test_api_scrapers.py::test_lookup[tunbridgewells_gov_uk_10090058289] PASSED [ 87%]
tests/test_api_scrapers.py::test_lookup[uttlesford_gov_uk_Brook Cottage, CM6 1LW] FAILED [ 88%]
tests/test_api_scrapers.py::test_lookup[valeofglamorgan_gov_uk_CF62 7JP] FAILED [ 88%]
tests/test_api_scrapers.py::test_lookup[wakefield_gov_uk_uprn1] FAILED   [ 88%]
tests/test_api_scrapers.py::test_lookup[walsall_gov_uk_test001] PASSED   [ 89%]
tests/test_api_scrapers.py::test_lookup[walthamforest_gov_uk_200001421821] FAILED [ 89%]
tests/test_api_scrapers.py::test_lookup[wandsworth_gov_uk_100022659217] PASSED [ 90%]
tests/test_api_scrapers.py::test_lookup[warrington_gov_uk_Test_001] PASSED [ 90%]
tests/test_api_scrapers.py::test_lookup[warwickdc_gov_uk_Test_001] PASSED [ 91%]
tests/test_api_scrapers.py::test_lookup[waverley_gov_uk_Example] FAILED  [ 91%]
tests/test_api_scrapers.py::test_lookup[wealden_gov_uk_Test_001] PASSED  [ 91%]
tests/test_api_scrapers.py::test_lookup[welhat_gov_uk_test 1 - South Red] PASSED [ 92%]
tests/test_api_scrapers.py::test_lookup[west_dunbartonshire_gov_uk_2/2 26 Kilbowie Road, Clydebank] PASSED [ 92%]
tests/test_api_scrapers.py::test_lookup[west_lindsey_gov_uk_Test_001] FAILED [ 93%]
tests/test_api_scrapers.py::test_lookup[west_norfolk_gov_uk_Test_001] PASSED [ 93%]
tests/test_api_scrapers.py::test_lookup[westberks_gov_uk_known_uprn] FAILED [ 94%]
tests/test_api_scrapers.py::test_lookup[westlancs_gov_uk_Test 1] PASSED  [ 94%]
tests/test_api_scrapers.py::test_lookup[westlothian_gov_uk_Test_001] FAILED [ 94%]
tests/test_api_scrapers.py::test_lookup[westnorthants_gov_uk_28058314] PASSED [ 95%]
tests/test_api_scrapers.py::test_lookup[westoxon_gov_uk_75 manor road woodstock, ox20 1xr] FAILED [ 95%]
tests/test_api_scrapers.py::test_lookup[westsuffolk_gov_uk_Flat, The Flying Shuttle, Three Counties Way, Withersfield, CB9 7FB] FAILED [ 96%]
tests/test_api_scrapers.py::test_lookup[wigan_gov_uk_Test_001] FAILED    [ 96%]
tests/test_api_scrapers.py::test_lookup[wiltshire_gov_uk_standard_uprn] FAILED [ 97%]
tests/test_api_scrapers.py::test_lookup[wirral_gov_uk_Test_001] FAILED   [ 97%]
tests/test_api_scrapers.py::test_lookup[wokingham_gov_uk_Test_001] FAILED [ 97%]
tests/test_api_scrapers.py::test_lookup[wrexham_gov_uk_Duck Farm, Gresford, LL12 8YT] PASSED [ 98%]
tests/test_api_scrapers.py::test_lookup[wychavon_gov_uk_10013938132] FAILED [ 98%]
tests/test_api_scrapers.py::test_lookup[wyre_gov_uk_Test_001] PASSED     [ 99%]
tests/test_api_scrapers.py::test_lookup[wyreforestdc_gov_uk_2 Kinver Avenue, Kidderminster] FAILED [ 99%]
tests/test_api_scrapers.py::test_lookup[york_gov_uk_Reighton Avenue, York] PASSED [100%]

=================================== FAILURES ===================================
__________________ test_lookup[aberdeenshire_gov_uk_Test_001] __________________
tests/test_api_scrapers.py:64: in test_lookup
    assert resp.status_code == 200, (
E   AssertionError: aberdeenshire_gov_uk (Test_001): expected 200, got 503 — {"detail":"Scraper error: AttributeError"}
E   assert 503 == 200
E    +  where 503 = <Response [503 Service Unavailable]>.status_code
------------------------------ Captured log setup ------------------------------
WARNING  src.api.scraper_registry:scraper_registry.py:85 Failed to load scraper antrimandnewtownabbey_gov_uk
Traceback (most recent call last):
  File "/Users/christophersteinberg/Documents/GitHub/bins/src/api/scraper_registry.py", line 57, in build
    module = importlib.import_module(f"src.api.scrapers.{name}")
  File "/Users/christophersteinberg/.local/share/uv/python/cpython-3.13.5-macos-aarch64-none/lib/python3.13/importlib/__init__.py", line 88, in import_module
    return _bootstrap._gcd_import(name[level:], package, level)
           ~~~~~~~~~~~~~~~~~~~~~~^^^^^^^^^^^^^^^^^^^^^^^^^^^^^^
  File "<frozen importlib._bootstrap>", line 1387, in _gcd_import
  File "<frozen importlib._bootstrap>", line 1360, in _find_and_load
  File "<frozen importlib._bootstrap>", line 1331, in _find_and_load_unlocked
  File "<frozen importlib._bootstrap>", line 935, in _load_unlocked
  File "<frozen importlib._bootstrap_external>", line 1022, in exec_module
  File "<frozen importlib._bootstrap_external>", line 1160, in get_code
  File "<frozen importlib._bootstrap_external>", line 1090, in source_to_code
  File "<frozen importlib._bootstrap>", line 488, in _call_with_frames_removed
  File "/Users/christophersteinberg/Documents/GitHub/bins/src/api/scrapers/antrimandnewtownabbey_gov_uk.py", line 63
    r = await httpx.AsyncClient(follow_redirects=True).get(RECYCLING_HOLYDAY_API_URL)
        ^^^^^^^^^^^^^^^^^^^^^^^^^^^^^^^^^^^^^^^^^^^^^^^^^^^^^^^^^^^^^^^^^^^^^^^^^^^^^
SyntaxError: 'await' outside async function
WARNING  src.api.scraper_registry:scraper_registry.py:85 Failed to load scraper bathnes_gov_uk
Traceback (most recent call last):
  File "/Users/christophersteinberg/Documents/GitHub/bins/src/api/scraper_registry.py", line 57, in build
    module = importlib.import_module(f"src.api.scrapers.{name}")
  File "/Users/christophersteinberg/.local/share/uv/python/cpython-3.13.5-macos-aarch64-none/lib/python3.13/importlib/__init__.py", line 88, in import_module
    return _bootstrap._gcd_import(name[level:], package, level)
           ~~~~~~~~~~~~~~~~~~~~~~^^^^^^^^^^^^^^^^^^^^^^^^^^^^^^
  File "<frozen importlib._bootstrap>", line 1387, in _gcd_import
  File "<frozen importlib._bootstrap>", line 1360, in _find_and_load
  File "<frozen importlib._bootstrap>", line 1331, in _find_and_load_unlocked
  File "<frozen importlib._bootstrap>", line 935, in _load_unlocked
  File "<frozen importlib._bootstrap_external>", line 1022, in exec_module
  File "<frozen importlib._bootstrap_external>", line 1160, in get_code
  File "<frozen importlib._bootstrap_external>", line 1090, in source_to_code
  File "<frozen importlib._bootstrap>", line 488, in _call_with_frames_removed
  File "/Users/christophersteinberg/Documents/GitHub/bins/src/api/scrapers/bathnes_gov_uk.py", line 122
    r = await httpx.AsyncClient(follow_redirects=True).get(url, timeout=REQUEST_TIMEOUT)
        ^^^^^^^^^^^^^^^^^^^^^^^^^^^^^^^^^^^^^^^^^^^^^^^^^^^^^^^^^^^^^^^^^^^^^^^^^^^^^^^^
SyntaxError: 'await' outside async function
WARNING  src.api.scraper_registry:scraper_registry.py:85 Failed to load scraper charnwood_gov_uk
Traceback (most recent call last):
  File "/Users/christophersteinberg/Documents/GitHub/bins/src/api/scraper_registry.py", line 57, in build
    module = importlib.import_module(f"src.api.scrapers.{name}")
  File "/Users/christophersteinberg/.local/share/uv/python/cpython-3.13.5-macos-aarch64-none/lib/python3.13/importlib/__init__.py", line 88, in import_module
    return _bootstrap._gcd_import(name[level:], package, level)
           ~~~~~~~~~~~~~~~~~~~~~~^^^^^^^^^^^^^^^^^^^^^^^^^^^^^^
  File "<frozen importlib._bootstrap>", line 1387, in _gcd_import
  File "<frozen importlib._bootstrap>", line 1360, in _find_and_load
  File "<frozen importlib._bootstrap>", line 1331, in _find_and_load_unlocked
  File "<frozen importlib._bootstrap>", line 935, in _load_unlocked
  File "<frozen importlib._bootstrap_external>", line 1022, in exec_module
  File "<frozen importlib._bootstrap_external>", line 1160, in get_code
  File "<frozen importlib._bootstrap_external>", line 1090, in source_to_code
  File "<frozen importlib._bootstrap>", line 488, in _call_with_frames_removed
  File "/Users/christophersteinberg/Documents/GitHub/bins/src/api/scrapers/charnwood_gov_uk.py", line 57
    r = await httpx.AsyncClient(follow_redirects=True).get(SEARCH_URL, params=params)
        ^^^^^^^^^^^^^^^^^^^^^^^^^^^^^^^^^^^^^^^^^^^^^^^^^^^^^^^^^^^^^^^^^^^^^^^^^^^^^
SyntaxError: 'await' outside async function
WARNING  src.api.scraper_registry:scraper_registry.py:85 Failed to load scraper chichester_gov_uk
Traceback (most recent call last):
  File "/Users/christophersteinberg/Documents/GitHub/bins/src/api/scraper_registry.py", line 57, in build
    module = importlib.import_module(f"src.api.scrapers.{name}")
  File "/Users/christophersteinberg/.local/share/uv/python/cpython-3.13.5-macos-aarch64-none/lib/python3.13/importlib/__init__.py", line 88, in import_module
    return _bootstrap._gcd_import(name[level:], package, level)
           ~~~~~~~~~~~~~~~~~~~~~~^^^^^^^^^^^^^^^^^^^^^^^^^^^^^^
  File "<frozen importlib._bootstrap>", line 1387, in _gcd_import
  File "<frozen importlib._bootstrap>", line 1360, in _find_and_load
  File "<frozen importlib._bootstrap>", line 1331, in _find_and_load_unlocked
  File "<frozen importlib._bootstrap>", line 935, in _load_unlocked
  File "<frozen importlib._bootstrap_external>", line 1026, in exec_module
  File "<frozen importlib._bootstrap>", line 488, in _call_with_frames_removed
  File "/Users/christophersteinberg/Documents/GitHub/bins/src/api/scrapers/chichester_gov_uk.py", line 4, in <module>
    import cloudscraper
ModuleNotFoundError: No module named 'cloudscraper'
WARNING  src.api.scraper_registry:scraper_registry.py:85 Failed to load scraper chiltern_gov_uk
Traceback (most recent call last):
  File "/Users/christophersteinberg/Documents/GitHub/bins/src/api/scraper_registry.py", line 57, in build
    module = importlib.import_module(f"src.api.scrapers.{name}")
  File "/Users/christophersteinberg/.local/share/uv/python/cpython-3.13.5-macos-aarch64-none/lib/python3.13/importlib/__init__.py", line 88, in import_module
    return _bootstrap._gcd_import(name[level:], package, level)
           ~~~~~~~~~~~~~~~~~~~~~~^^^^^^^^^^^^^^^^^^^^^^^^^^^^^^
  File "<frozen importlib._bootstrap>", line 1387, in _gcd_import
  File "<frozen importlib._bootstrap>", line 1360, in _find_and_load
  File "<frozen importlib._bootstrap>", line 1331, in _find_and_load_unlocked
  File "<frozen importlib._bootstrap>", line 935, in _load_unlocked
  File "<frozen importlib._bootstrap_external>", line 1026, in exec_module
  File "<frozen importlib._bootstrap>", line 488, in _call_with_frames_removed
  File "/Users/christophersteinberg/Documents/GitHub/bins/src/api/scrapers/chiltern_gov_uk.py", line 3, in <module>
    from src.api.waste_collection_schedule.source.iapp_itouchvision_com import (
        Source as iapp_iTouchVision,
    )
ModuleNotFoundError: No module named 'src.api.waste_collection_schedule.source'
WARNING  src.api.scraper_registry:scraper_registry.py:85 Failed to load scraper east_renfrewshire_gov_uk
Traceback (most recent call last):
  File "/Users/christophersteinberg/Documents/GitHub/bins/src/api/scraper_registry.py", line 57, in build
    module = importlib.import_module(f"src.api.scrapers.{name}")
  File "/Users/christophersteinberg/.local/share/uv/python/cpython-3.13.5-macos-aarch64-none/lib/python3.13/importlib/__init__.py", line 88, in import_module
    return _bootstrap._gcd_import(name[level:], package, level)
           ~~~~~~~~~~~~~~~~~~~~~~^^^^^^^^^^^^^^^^^^^^^^^^^^^^^^
  File "<frozen importlib._bootstrap>", line 1387, in _gcd_import
  File "<frozen importlib._bootstrap>", line 1360, in _find_and_load
  File "<frozen importlib._bootstrap>", line 1331, in _find_and_load_unlocked
  File "<frozen importlib._bootstrap>", line 935, in _load_unlocked
  File "<frozen importlib._bootstrap_external>", line 1026, in exec_module
  File "<frozen importlib._bootstrap>", line 488, in _call_with_frames_removed
  File "/Users/christophersteinberg/Documents/GitHub/bins/src/api/scrapers/east_renfrewshire_gov_uk.py", line 3, in <module>
    import cloudscraper
ModuleNotFoundError: No module named 'cloudscraper'
WARNING  src.api.scraper_registry:scraper_registry.py:85 Failed to load scraper eastlothian_gov_uk
Traceback (most recent call last):
  File "/Users/christophersteinberg/Documents/GitHub/bins/src/api/scraper_registry.py", line 57, in build
    module = importlib.import_module(f"src.api.scrapers.{name}")
  File "/Users/christophersteinberg/.local/share/uv/python/cpython-3.13.5-macos-aarch64-none/lib/python3.13/importlib/__init__.py", line 88, in import_module
    return _bootstrap._gcd_import(name[level:], package, level)
           ~~~~~~~~~~~~~~~~~~~~~~^^^^^^^^^^^^^^^^^^^^^^^^^^^^^^
  File "<frozen importlib._bootstrap>", line 1387, in _gcd_import
  File "<frozen importlib._bootstrap>", line 1360, in _find_and_load
  File "<frozen importlib._bootstrap>", line 1331, in _find_and_load_unlocked
  File "<frozen importlib._bootstrap>", line 935, in _load_unlocked
  File "<frozen importlib._bootstrap_external>", line 1022, in exec_module
  File "<frozen importlib._bootstrap_external>", line 1160, in get_code
  File "<frozen importlib._bootstrap_external>", line 1090, in source_to_code
  File "<frozen importlib._bootstrap>", line 488, in _call_with_frames_removed
  File "/Users/christophersteinberg/Documents/GitHub/bins/src/api/scrapers/eastlothian_gov_uk.py", line 93
    r = await httpx.AsyncClient(follow_redirects=True).get(self._streets_url, params=params)
        ^^^^^^^^^^^^^^^^^^^^^^^^^^^^^^^^^^^^^^^^^^^^^^^^^^^^^^^^^^^^^^^^^^^^^^^^^^^^^^^^^^^^
SyntaxError: 'await' outside async function
WARNING  src.api.scraper_registry:scraper_registry.py:85 Failed to load scraper fareham_gov_uk
Traceback (most recent call last):
  File "/Users/christophersteinberg/Documents/GitHub/bins/src/api/scraper_registry.py", line 57, in build
    module = importlib.import_module(f"src.api.scrapers.{name}")
  File "/Users/christophersteinberg/.local/share/uv/python/cpython-3.13.5-macos-aarch64-none/lib/python3.13/importlib/__init__.py", line 88, in import_module
    return _bootstrap._gcd_import(name[level:], package, level)
           ~~~~~~~~~~~~~~~~~~~~~~^^^^^^^^^^^^^^^^^^^^^^^^^^^^^^
  File "<frozen importlib._bootstrap>", line 1387, in _gcd_import
  File "<frozen importlib._bootstrap>", line 1360, in _find_and_load
  File "<frozen importlib._bootstrap>", line 1331, in _find_and_load_unlocked
  File "<frozen importlib._bootstrap>", line 935, in _load_unlocked
  File "<frozen importlib._bootstrap_external>", line 1022, in exec_module
  File "<frozen importlib._bootstrap_external>", line 1160, in get_code
  File "<frozen importlib._bootstrap_external>", line 1090, in source_to_code
  File "<frozen importlib._bootstrap>", line 488, in _call_with_frames_removed
  File "/Users/christophersteinberg/Documents/GitHub/bins/src/api/scrapers/fareham_gov_uk.py", line 100
    response = await httpx.AsyncClient(follow_redirects=True).get(API_URL, params=params, headers=headers, timeout=30)
               ^^^^^^^^^^^^^^^^^^^^^^^^^^^^^^^^^^^^^^^^^^^^^^^^^^^^^^^^^^^^^^^^^^^^^^^^^^^^^^^^^^^^^^^^^^^^^^^^^^^^^^^
SyntaxError: 'await' outside async function
WARNING  src.api.scraper_registry:scraper_registry.py:85 Failed to load scraper gateshead_gov_uk
Traceback (most recent call last):
  File "/Users/christophersteinberg/Documents/GitHub/bins/src/api/scraper_registry.py", line 57, in build
    module = importlib.import_module(f"src.api.scrapers.{name}")
  File "/Users/christophersteinberg/.local/share/uv/python/cpython-3.13.5-macos-aarch64-none/lib/python3.13/importlib/__init__.py", line 88, in import_module
    return _bootstrap._gcd_import(name[level:], package, level)
           ~~~~~~~~~~~~~~~~~~~~~~^^^^^^^^^^^^^^^^^^^^^^^^^^^^^^
  File "<frozen importlib._bootstrap>", line 1387, in _gcd_import
  File "<frozen importlib._bootstrap>", line 1360, in _find_and_load
  File "<frozen importlib._bootstrap>", line 1331, in _find_and_load_unlocked
  File "<frozen importlib._bootstrap>", line 935, in _load_unlocked
  File "<frozen importlib._bootstrap_external>", line 1026, in exec_module
  File "<frozen importlib._bootstrap>", line 488, in _call_with_frames_removed
  File "/Users/christophersteinberg/Documents/GitHub/bins/src/api/scrapers/gateshead_gov_uk.py", line 7, in <module>
    import cloudscraper
ModuleNotFoundError: No module named 'cloudscraper'
WARNING  src.api.scraper_registry:scraper_registry.py:85 Failed to load scraper lewisham_gov_uk
Traceback (most recent call last):
  File "/Users/christophersteinberg/Documents/GitHub/bins/src/api/scraper_registry.py", line 57, in build
    module = importlib.import_module(f"src.api.scrapers.{name}")
  File "/Users/christophersteinberg/.local/share/uv/python/cpython-3.13.5-macos-aarch64-none/lib/python3.13/importlib/__init__.py", line 88, in import_module
    return _bootstrap._gcd_import(name[level:], package, level)
           ~~~~~~~~~~~~~~~~~~~~~~^^^^^^^^^^^^^^^^^^^^^^^^^^^^^^
  File "<frozen importlib._bootstrap>", line 1387, in _gcd_import
  File "<frozen importlib._bootstrap>", line 1360, in _find_and_load
  File "<frozen importlib._bootstrap>", line 1331, in _find_and_load_unlocked
  File "<frozen importlib._bootstrap>", line 935, in _load_unlocked
  File "<frozen importlib._bootstrap_external>", line 1022, in exec_module
  File "<frozen importlib._bootstrap_external>", line 1160, in get_code
  File "<frozen importlib._bootstrap_external>", line 1090, in source_to_code
  File "<frozen importlib._bootstrap>", line 488, in _call_with_frames_removed
  File "/Users/christophersteinberg/Documents/GitHub/bins/src/api/scrapers/lewisham_gov_uk.py", line 59
    r = await httpx.AsyncClient(follow_redirects=True).post(
        ^^^^^^^^^^^^^^^^^^^^^^^^^^^^^^^^^^^^^^^^^^^^^^^^^^^^
SyntaxError: 'await' outside async function
WARNING  src.api.scraper_registry:scraper_registry.py:85 Failed to load scraper newark_sherwooddc_gov_uk
Traceback (most recent call last):
  File "/Users/christophersteinberg/Documents/GitHub/bins/src/api/scraper_registry.py", line 57, in build
    module = importlib.import_module(f"src.api.scrapers.{name}")
  File "/Users/christophersteinberg/.local/share/uv/python/cpython-3.13.5-macos-aarch64-none/lib/python3.13/importlib/__init__.py", line 88, in import_module
    return _bootstrap._gcd_import(name[level:], package, level)
           ~~~~~~~~~~~~~~~~~~~~~~^^^^^^^^^^^^^^^^^^^^^^^^^^^^^^
  File "<frozen importlib._bootstrap>", line 1387, in _gcd_import
  File "<frozen importlib._bootstrap>", line 1360, in _find_and_load
  File "<frozen importlib._bootstrap>", line 1331, in _find_and_load_unlocked
  File "<frozen importlib._bootstrap>", line 935, in _load_unlocked
  File "<frozen importlib._bootstrap_external>", line 1022, in exec_module
  File "<frozen importlib._bootstrap_external>", line 1160, in get_code
  File "<frozen importlib._bootstrap_external>", line 1090, in source_to_code
  File "<frozen importlib._bootstrap>", line 488, in _call_with_frames_removed
  File "/Users/christophersteinberg/Documents/GitHub/bins/src/api/scrapers/newark_sherwooddc_gov_uk.py", line 39
    r = await httpx.AsyncClient(follow_redirects=True).get(
        ^^^^^^^^^^^^^^^^^^^^^^^^^^^^^^^^^^^^^^^^^^^^^^^^^^^
SyntaxError: 'await' outside async function
WARNING  src.api.scraper_registry:scraper_registry.py:85 Failed to load scraper north_ayrshire_gov_uk
Traceback (most recent call last):
  File "/Users/christophersteinberg/Documents/GitHub/bins/src/api/scraper_registry.py", line 57, in build
    module = importlib.import_module(f"src.api.scrapers.{name}")
  File "/Users/christophersteinberg/.local/share/uv/python/cpython-3.13.5-macos-aarch64-none/lib/python3.13/importlib/__init__.py", line 88, in import_module
    return _bootstrap._gcd_import(name[level:], package, level)
           ~~~~~~~~~~~~~~~~~~~~~~^^^^^^^^^^^^^^^^^^^^^^^^^^^^^^
  File "<frozen importlib._bootstrap>", line 1387, in _gcd_import
  File "<frozen importlib._bootstrap>", line 1360, in _find_and_load
  File "<frozen importlib._bootstrap>", line 1331, in _find_and_load_unlocked
  File "<frozen importlib._bootstrap>", line 935, in _load_unlocked
  File "<frozen importlib._bootstrap_external>", line 1022, in exec_module
  File "<frozen importlib._bootstrap_external>", line 1160, in get_code
  File "<frozen importlib._bootstrap_external>", line 1090, in source_to_code
  File "<frozen importlib._bootstrap>", line 488, in _call_with_frames_removed
  File "/Users/christophersteinberg/Documents/GitHub/bins/src/api/scrapers/north_ayrshire_gov_uk.py", line 40
    r = await httpx.AsyncClient(follow_redirects=True).get(API_URL.format(uprn))
        ^^^^^^^^^^^^^^^^^^^^^^^^^^^^^^^^^^^^^^^^^^^^^^^^^^^^^^^^^^^^^^^^^^^^^^^^
SyntaxError: 'await' outside async function
WARNING  src.api.scraper_registry:scraper_registry.py:85 Failed to load scraper oadby_wigston_gov_uk
Traceback (most recent call last):
  File "/Users/christophersteinberg/Documents/GitHub/bins/src/api/scraper_registry.py", line 57, in build
    module = importlib.import_module(f"src.api.scrapers.{name}")
  File "/Users/christophersteinberg/.local/share/uv/python/cpython-3.13.5-macos-aarch64-none/lib/python3.13/importlib/__init__.py", line 88, in import_module
    return _bootstrap._gcd_import(name[level:], package, level)
           ~~~~~~~~~~~~~~~~~~~~~~^^^^^^^^^^^^^^^^^^^^^^^^^^^^^^
  File "<frozen importlib._bootstrap>", line 1387, in _gcd_import
  File "<frozen importlib._bootstrap>", line 1360, in _find_and_load
  File "<frozen importlib._bootstrap>", line 1331, in _find_and_load_unlocked
  File "<frozen importlib._bootstrap>", line 935, in _load_unlocked
  File "<frozen importlib._bootstrap_external>", line 1022, in exec_module
  File "<frozen importlib._bootstrap_external>", line 1160, in get_code
  File "<frozen importlib._bootstrap_external>", line 1090, in source_to_code
  File "<frozen importlib._bootstrap>", line 488, in _call_with_frames_removed
  File "/Users/christophersteinberg/Documents/GitHub/bins/src/api/scrapers/oadby_wigston_gov_uk.py", line 59
    r = await httpx.AsyncClient(follow_redirects=True).get(SEARCH_URL, params=params)
        ^^^^^^^^^^^^^^^^^^^^^^^^^^^^^^^^^^^^^^^^^^^^^^^^^^^^^^^^^^^^^^^^^^^^^^^^^^^^^
SyntaxError: 'await' outside async function
WARNING  src.api.scraper_registry:scraper_registry.py:85 Failed to load scraper preston_gov_uk
Traceback (most recent call last):
  File "/Users/christophersteinberg/Documents/GitHub/bins/src/api/scraper_registry.py", line 57, in build
    module = importlib.import_module(f"src.api.scrapers.{name}")
  File "/Users/christophersteinberg/.local/share/uv/python/cpython-3.13.5-macos-aarch64-none/lib/python3.13/importlib/__init__.py", line 88, in import_module
    return _bootstrap._gcd_import(name[level:], package, level)
           ~~~~~~~~~~~~~~~~~~~~~~^^^^^^^^^^^^^^^^^^^^^^^^^^^^^^
  File "<frozen importlib._bootstrap>", line 1387, in _gcd_import
  File "<frozen importlib._bootstrap>", line 1360, in _find_and_load
  File "<frozen importlib._bootstrap>", line 1331, in _find_and_load_unlocked
  File "<frozen importlib._bootstrap>", line 935, in _load_unlocked
  File "<frozen importlib._bootstrap_external>", line 1026, in exec_module
  File "<frozen importlib._bootstrap>", line 488, in _call_with_frames_removed
  File "/Users/christophersteinberg/Documents/GitHub/bins/src/api/scrapers/preston_gov_uk.py", line 5, in <module>
    from requests import Session
ModuleNotFoundError: No module named 'requests'
WARNING  src.api.scraper_registry:scraper_registry.py:85 Failed to load scraper reading_gov_uk
Traceback (most recent call last):
  File "/Users/christophersteinberg/Documents/GitHub/bins/src/api/scraper_registry.py", line 57, in build
    module = importlib.import_module(f"src.api.scrapers.{name}")
  File "/Users/christophersteinberg/.local/share/uv/python/cpython-3.13.5-macos-aarch64-none/lib/python3.13/importlib/__init__.py", line 88, in import_module
    return _bootstrap._gcd_import(name[level:], package, level)
           ~~~~~~~~~~~~~~~~~~~~~~^^^^^^^^^^^^^^^^^^^^^^^^^^^^^^
  File "<frozen importlib._bootstrap>", line 1387, in _gcd_import
  File "<frozen importlib._bootstrap>", line 1360, in _find_and_load
  File "<frozen importlib._bootstrap>", line 1331, in _find_and_load_unlocked
  File "<frozen importlib._bootstrap>", line 935, in _load_unlocked
  File "<frozen importlib._bootstrap_external>", line 1022, in exec_module
  File "<frozen importlib._bootstrap_external>", line 1160, in get_code
  File "<frozen importlib._bootstrap_external>", line 1090, in source_to_code
  File "<frozen importlib._bootstrap>", line 488, in _call_with_frames_removed
  File "/Users/christophersteinberg/Documents/GitHub/bins/src/api/scrapers/reading_gov_uk.py", line 70
    resp = await httpx.AsyncClient(follow_redirects=True).get(f"{SEARCH_URLS['UPRN']}/{self._postcode}")
           ^^^^^^^^^^^^^^^^^^^^^^^^^^^^^^^^^^^^^^^^^^^^^^^^^^^^^^^^^^^^^^^^^^^^^^^^^^^^^^^^^^^^^^^^^^^^^
SyntaxError: 'await' outside async function
WARNING  src.api.scraper_registry:scraper_registry.py:85 Failed to load scraper redbridge_gov_uk
Traceback (most recent call last):
  File "/Users/christophersteinberg/Documents/GitHub/bins/src/api/scraper_registry.py", line 57, in build
    module = importlib.import_module(f"src.api.scrapers.{name}")
  File "/Users/christophersteinberg/.local/share/uv/python/cpython-3.13.5-macos-aarch64-none/lib/python3.13/importlib/__init__.py", line 88, in import_module
    return _bootstrap._gcd_import(name[level:], package, level)
           ~~~~~~~~~~~~~~~~~~~~~~^^^^^^^^^^^^^^^^^^^^^^^^^^^^^^
  File "<frozen importlib._bootstrap>", line 1387, in _gcd_import
  File "<frozen importlib._bootstrap>", line 1360, in _find_and_load
  File "<frozen importlib._bootstrap>", line 1331, in _find_and_load_unlocked
  File "<frozen importlib._bootstrap>", line 935, in _load_unlocked
  File "<frozen importlib._bootstrap_external>", line 1026, in exec_module
  File "<frozen importlib._bootstrap>", line 488, in _call_with_frames_removed
  File "/Users/christophersteinberg/Documents/GitHub/bins/src/api/scrapers/redbridge_gov_uk.py", line 6, in <module>
    from pypdf import PdfReader
ModuleNotFoundError: No module named 'pypdf'
WARNING  src.api.scraper_registry:scraper_registry.py:85 Failed to load scraper royalgreenwich_gov_uk
Traceback (most recent call last):
  File "/Users/christophersteinberg/Documents/GitHub/bins/src/api/scraper_registry.py", line 57, in build
    module = importlib.import_module(f"src.api.scrapers.{name}")
  File "/Users/christophersteinberg/.local/share/uv/python/cpython-3.13.5-macos-aarch64-none/lib/python3.13/importlib/__init__.py", line 88, in import_module
    return _bootstrap._gcd_import(name[level:], package, level)
           ~~~~~~~~~~~~~~~~~~~~~~^^^^^^^^^^^^^^^^^^^^^^^^^^^^^^
  File "<frozen importlib._bootstrap>", line 1387, in _gcd_import
  File "<frozen importlib._bootstrap>", line 1360, in _find_and_load
  File "<frozen importlib._bootstrap>", line 1331, in _find_and_load_unlocked
  File "<frozen importlib._bootstrap>", line 935, in _load_unlocked
  File "<frozen importlib._bootstrap_external>", line 1022, in exec_module
  File "<frozen importlib._bootstrap_external>", line 1160, in get_code
  File "<frozen importlib._bootstrap_external>", line 1090, in source_to_code
  File "<frozen importlib._bootstrap>", line 488, in _call_with_frames_removed
  File "/Users/christophersteinberg/Documents/GitHub/bins/src/api/scrapers/royalgreenwich_gov_uk.py", line 79
    r = await s.get(ADDRESS_SEARCH_URL, params={"term": search_term})
        ^^^^^^^^^^^^^^^^^^^^^^^^^^^^^^^^^^^^^^^^^^^^^^^^^^^^^^^^^^^^^
SyntaxError: 'await' outside async function
WARNING  src.api.scraper_registry:scraper_registry.py:85 Failed to load scraper south_norfolk_and_broadland_gov_uk
Traceback (most recent call last):
  File "/Users/christophersteinberg/Documents/GitHub/bins/src/api/scraper_registry.py", line 57, in build
    module = importlib.import_module(f"src.api.scrapers.{name}")
  File "/Users/christophersteinberg/.local/share/uv/python/cpython-3.13.5-macos-aarch64-none/lib/python3.13/importlib/__init__.py", line 88, in import_module
    return _bootstrap._gcd_import(name[level:], package, level)
           ~~~~~~~~~~~~~~~~~~~~~~^^^^^^^^^^^^^^^^^^^^^^^^^^^^^^
  File "<frozen importlib._bootstrap>", line 1387, in _gcd_import
  File "<frozen importlib._bootstrap>", line 1360, in _find_and_load
  File "<frozen importlib._bootstrap>", line 1331, in _find_and_load_unlocked
  File "<frozen importlib._bootstrap>", line 935, in _load_unlocked
  File "<frozen importlib._bootstrap_external>", line 1022, in exec_module
  File "<frozen importlib._bootstrap_external>", line 1160, in get_code
  File "<frozen importlib._bootstrap_external>", line 1090, in source_to_code
  File "<frozen importlib._bootstrap>", line 488, in _call_with_frames_removed
  File "/Users/christophersteinberg/Documents/GitHub/bins/src/api/scrapers/south_norfolk_and_broadland_gov_uk.py", line 117
    r = await session.get(URL + "FindAddress")
        ^^^^^^^^^^^^^^^^^^^^^^^^^^^^^^^^^^^^^^
SyntaxError: 'await' outside async function
WARNING  src.api.scraper_registry:scraper_registry.py:85 Failed to load scraper stockton_gov_uk
Traceback (most recent call last):
  File "/Users/christophersteinberg/Documents/GitHub/bins/src/api/scraper_registry.py", line 57, in build
    module = importlib.import_module(f"src.api.scrapers.{name}")
  File "/Users/christophersteinberg/.local/share/uv/python/cpython-3.13.5-macos-aarch64-none/lib/python3.13/importlib/__init__.py", line 88, in import_module
    return _bootstrap._gcd_import(name[level:], package, level)
           ~~~~~~~~~~~~~~~~~~~~~~^^^^^^^^^^^^^^^^^^^^^^^^^^^^^^
  File "<frozen importlib._bootstrap>", line 1387, in _gcd_import
  File "<frozen importlib._bootstrap>", line 1360, in _find_and_load
  File "<frozen importlib._bootstrap>", line 1331, in _find_and_load_unlocked
  File "<frozen importlib._bootstrap>", line 935, in _load_unlocked
  File "<frozen importlib._bootstrap_external>", line 1026, in exec_module
  File "<frozen importlib._bootstrap>", line 488, in _call_with_frames_removed
  File "/Users/christophersteinberg/Documents/GitHub/bins/src/api/scrapers/stockton_gov_uk.py", line 6, in <module>
    import cloudscraper
ModuleNotFoundError: No module named 'cloudscraper'
WARNING  src.api.scraper_registry:scraper_registry.py:85 Failed to load scraper tewkesbury_gov_uk
Traceback (most recent call last):
  File "/Users/christophersteinberg/Documents/GitHub/bins/src/api/scraper_registry.py", line 57, in build
    module = importlib.import_module(f"src.api.scrapers.{name}")
  File "/Users/christophersteinberg/.local/share/uv/python/cpython-3.13.5-macos-aarch64-none/lib/python3.13/importlib/__init__.py", line 88, in import_module
    return _bootstrap._gcd_import(name[level:], package, level)
           ~~~~~~~~~~~~~~~~~~~~~~^^^^^^^^^^^^^^^^^^^^^^^^^^^^^^
  File "<frozen importlib._bootstrap>", line 1387, in _gcd_import
  File "<frozen importlib._bootstrap>", line 1360, in _find_and_load
  File "<frozen importlib._bootstrap>", line 1331, in _find_and_load_unlocked
  File "<frozen importlib._bootstrap>", line 935, in _load_unlocked
  File "<frozen importlib._bootstrap_external>", line 1022, in exec_module
  File "<frozen importlib._bootstrap_external>", line 1160, in get_code
  File "<frozen importlib._bootstrap_external>", line 1090, in source_to_code
  File "<frozen importlib._bootstrap>", line 488, in _call_with_frames_removed
  File "/Users/christophersteinberg/Documents/GitHub/bins/src/api/scrapers/tewkesbury_gov_uk.py", line 49
    response = await httpx.AsyncClient(follow_redirects=True).get(request_url)
               ^^^^^^^^^^^^^^^^^^^^^^^^^^^^^^^^^^^^^^^^^^^^^^^^^^^^^^^^^^^^^^^
SyntaxError: 'await' outside async function
WARNING  src.api.scraper_registry:scraper_registry.py:85 Failed to load scraper thanet_gov_uk
Traceback (most recent call last):
  File "/Users/christophersteinberg/Documents/GitHub/bins/src/api/scraper_registry.py", line 57, in build
    module = importlib.import_module(f"src.api.scrapers.{name}")
  File "/Users/christophersteinberg/.local/share/uv/python/cpython-3.13.5-macos-aarch64-none/lib/python3.13/importlib/__init__.py", line 88, in import_module
    return _bootstrap._gcd_import(name[level:], package, level)
           ~~~~~~~~~~~~~~~~~~~~~~^^^^^^^^^^^^^^^^^^^^^^^^^^^^^^
  File "<frozen importlib._bootstrap>", line 1387, in _gcd_import
  File "<frozen importlib._bootstrap>", line 1360, in _find_and_load
  File "<frozen importlib._bootstrap>", line 1331, in _find_and_load_unlocked
  File "<frozen importlib._bootstrap>", line 935, in _load_unlocked
  File "<frozen importlib._bootstrap_external>", line 1022, in exec_module
  File "<frozen importlib._bootstrap_external>", line 1160, in get_code
  File "<frozen importlib._bootstrap_external>", line 1090, in source_to_code
  File "<frozen importlib._bootstrap>", line 488, in _call_with_frames_removed
  File "/Users/christophersteinberg/Documents/GitHub/bins/src/api/scrapers/thanet_gov_uk.py", line 97
    addresses_json = await httpx.AsyncClient(follow_redirects=True).get(
                     ^^^^^^^^^^^^^^^^^^^^^^^^^^^^^^^^^^^^^^^^^^^^^^^^^^^
SyntaxError: 'await' outside async function
WARNING  src.api.scraper_registry:scraper_registry.py:85 Failed to load scraper thurrock_gov_uk
Traceback (most recent call last):
  File "/Users/christophersteinberg/Documents/GitHub/bins/src/api/scraper_registry.py", line 57, in build
    module = importlib.import_module(f"src.api.scrapers.{name}")
  File "/Users/christophersteinberg/.local/share/uv/python/cpython-3.13.5-macos-aarch64-none/lib/python3.13/importlib/__init__.py", line 88, in import_module
    return _bootstrap._gcd_import(name[level:], package, level)
           ~~~~~~~~~~~~~~~~~~~~~~^^^^^^^^^^^^^^^^^^^^^^^^^^^^^^
  File "<frozen importlib._bootstrap>", line 1387, in _gcd_import
  File "<frozen importlib._bootstrap>", line 1360, in _find_and_load
  File "<frozen importlib._bootstrap>", line 1331, in _find_and_load_unlocked
  File "<frozen importlib._bootstrap>", line 935, in _load_unlocked
  File "<frozen importlib._bootstrap_external>", line 1022, in exec_module
  File "<frozen importlib._bootstrap_external>", line 1160, in get_code
  File "<frozen importlib._bootstrap_external>", line 1090, in source_to_code
  File "<frozen importlib._bootstrap>", line 488, in _call_with_frames_removed
  File "/Users/christophersteinberg/Documents/GitHub/bins/src/api/scrapers/thurrock_gov_uk.py", line 63
    r = await httpx.AsyncClient(follow_redirects=True).get(
        ^^^^^^^^^^^^^^^^^^^^^^^^^^^^^^^^^^^^^^^^^^^^^^^^^^^
SyntaxError: 'await' outside async function
WARNING  src.api.scraper_registry:scraper_registry.py:85 Failed to load scraper valeofglamorgan_gov_uk
Traceback (most recent call last):
  File "/Users/christophersteinberg/Documents/GitHub/bins/src/api/scraper_registry.py", line 57, in build
    module = importlib.import_module(f"src.api.scrapers.{name}")
  File "/Users/christophersteinberg/.local/share/uv/python/cpython-3.13.5-macos-aarch64-none/lib/python3.13/importlib/__init__.py", line 88, in import_module
    return _bootstrap._gcd_import(name[level:], package, level)
           ~~~~~~~~~~~~~~~~~~~~~~^^^^^^^^^^^^^^^^^^^^^^^^^^^^^^
  File "<frozen importlib._bootstrap>", line 1387, in _gcd_import
  File "<frozen importlib._bootstrap>", line 1360, in _find_and_load
  File "<frozen importlib._bootstrap>", line 1331, in _find_and_load_unlocked
  File "<frozen importlib._bootstrap>", line 935, in _load_unlocked
  File "<frozen importlib._bootstrap_external>", line 1022, in exec_module
  File "<frozen importlib._bootstrap_external>", line 1160, in get_code
  File "<frozen importlib._bootstrap_external>", line 1090, in source_to_code
  File "<frozen importlib._bootstrap>", line 488, in _call_with_frames_removed
  File "/Users/christophersteinberg/Documents/GitHub/bins/src/api/scrapers/valeofglamorgan_gov_uk.py", line 44
    r = await httpx.AsyncClient(follow_redirects=True).get(calendar_url)
        ^^^^^^^^^^^^^^^^^^^^^^^^^^^^^^^^^^^^^^^^^^^^^^^^^^^^^^^^^^^^^^^^
SyntaxError: 'await' outside async function
WARNING  src.api.scraper_registry:scraper_registry.py:85 Failed to load scraper wiltshire_gov_uk
Traceback (most recent call last):
  File "/Users/christophersteinberg/Documents/GitHub/bins/src/api/scraper_registry.py", line 57, in build
    module = importlib.import_module(f"src.api.scrapers.{name}")
  File "/Users/christophersteinberg/.local/share/uv/python/cpython-3.13.5-macos-aarch64-none/lib/python3.13/importlib/__init__.py", line 88, in import_module
    return _bootstrap._gcd_import(name[level:], package, level)
           ~~~~~~~~~~~~~~~~~~~~~~^^^^^^^^^^^^^^^^^^^^^^^^^^^^^^
  File "<frozen importlib._bootstrap>", line 1387, in _gcd_import
  File "<frozen importlib._bootstrap>", line 1360, in _find_and_load
  File "<frozen importlib._bootstrap>", line 1331, in _find_and_load_unlocked
  File "<frozen importlib._bootstrap>", line 935, in _load_unlocked
  File "<frozen importlib._bootstrap_external>", line 1022, in exec_module
  File "<frozen importlib._bootstrap_external>", line 1160, in get_code
  File "<frozen importlib._bootstrap_external>", line 1090, in source_to_code
  File "<frozen importlib._bootstrap>", line 488, in _call_with_frames_removed
  File "/Users/christophersteinberg/Documents/GitHub/bins/src/api/scrapers/wiltshire_gov_uk.py", line 66
    r = await httpx.AsyncClient(follow_redirects=True).post(SEARCH_URLS["collection_search"], params=args)
        ^^^^^^^^^^^^^^^^^^^^^^^^^^^^^^^^^^^^^^^^^^^^^^^^^^^^^^^^^^^^^^^^^^^^^^^^^^^^^^^^^^^^^^^^^^^^^^^^^^
SyntaxError: 'await' outside async function
WARNING  src.api.scraper_registry:scraper_registry.py:85 Failed to load scraper wychavon_gov_uk
Traceback (most recent call last):
  File "/Users/christophersteinberg/Documents/GitHub/bins/src/api/scraper_registry.py", line 57, in build
    module = importlib.import_module(f"src.api.scrapers.{name}")
  File "/Users/christophersteinberg/.local/share/uv/python/cpython-3.13.5-macos-aarch64-none/lib/python3.13/importlib/__init__.py", line 88, in import_module
    return _bootstrap._gcd_import(name[level:], package, level)
           ~~~~~~~~~~~~~~~~~~~~~~^^^^^^^^^^^^^^^^^^^^^^^^^^^^^^
  File "<frozen importlib._bootstrap>", line 1387, in _gcd_import
  File "<frozen importlib._bootstrap>", line 1360, in _find_and_load
  File "<frozen importlib._bootstrap>", line 1331, in _find_and_load_unlocked
  File "<frozen importlib._bootstrap>", line 935, in _load_unlocked
  File "<frozen importlib._bootstrap_external>", line 1026, in exec_module
  File "<frozen importlib._bootstrap>", line 488, in _call_with_frames_removed
  File "/Users/christophersteinberg/Documents/GitHub/bins/src/api/scrapers/wychavon_gov_uk.py", line 3, in <module>
    from src.api.waste_collection_schedule.source.roundlookup_uk import (
        Source as Roundlookup,  # type: ignore[attr-defined]
    )
ModuleNotFoundError: No module named 'src.api.waste_collection_schedule.source'
WARNING  src.api.scraper_registry:scraper_registry.py:85 Failed to load scraper wyreforestdc_gov_uk
Traceback (most recent call last):
  File "/Users/christophersteinberg/Documents/GitHub/bins/src/api/scraper_registry.py", line 57, in build
    module = importlib.import_module(f"src.api.scrapers.{name}")
  File "/Users/christophersteinberg/.local/share/uv/python/cpython-3.13.5-macos-aarch64-none/lib/python3.13/importlib/__init__.py", line 88, in import_module
    return _bootstrap._gcd_import(name[level:], package, level)
           ~~~~~~~~~~~~~~~~~~~~~~^^^^^^^^^^^^^^^^^^^^^^^^^^^^^^
  File "<frozen importlib._bootstrap>", line 1387, in _gcd_import
  File "<frozen importlib._bootstrap>", line 1360, in _find_and_load
  File "<frozen importlib._bootstrap>", line 1331, in _find_and_load_unlocked
  File "<frozen importlib._bootstrap>", line 935, in _load_unlocked
  File "<frozen importlib._bootstrap_external>", line 1022, in exec_module
  File "<frozen importlib._bootstrap_external>", line 1160, in get_code
  File "<frozen importlib._bootstrap_external>", line 1090, in source_to_code
  File "<frozen importlib._bootstrap>", line 488, in _call_with_frames_removed
  File "/Users/christophersteinberg/Documents/GitHub/bins/src/api/scrapers/wyreforestdc_gov_uk.py", line 89
    r = await httpx.AsyncClient(follow_redirects=True).post(API_URLS["garden_waste"], data=data)
        ^^^^^^^^^^^^^^^^^^^^^^^^^^^^^^^^^^^^^^^^^^^^^^^^^^^^^^^^^^^^^^^^^^^^^^^^^^^^^^^^^^^^^^^^
SyntaxError: 'await' outside async function
------------------------------ Captured log call -------------------------------
ERROR    src.api.routes:routes.py:151 Scraper aberdeenshire_gov_uk failed
Traceback (most recent call last):
  File "/Users/christophersteinberg/Documents/GitHub/bins/src/api/routes.py", line 141, in lookup
    collections = await registry.invoke(council, params)
                  ^^^^^^^^^^^^^^^^^^^^^^^^^^^^^^^^^^^^^^
  File "/Users/christophersteinberg/Documents/GitHub/bins/src/api/scraper_registry.py", line 99, in invoke
    return await source.fetch()
                 ~~~~~~~~~~~~^^
  File "/Users/christophersteinberg/Documents/GitHub/bins/src/api/scrapers/aberdeenshire_gov_uk.py", line 41, in fetch
    soup = BeautifulSoup(response.text, "html.parser")
                         ^^^^^^^^^^^^^
AttributeError: 'coroutine' object has no attribute 'text'
____________________ test_lookup[allerdale_gov_uk_Keswick] _____________________
tests/test_api_scrapers.py:64: in test_lookup
    assert resp.status_code == 200, (
E   AssertionError: allerdale_gov_uk (Keswick): expected 200, got 503 — {"detail":"Scraper error: TypeError"}
E   assert 503 == 200
E    +  where 503 = <Response [503 Service Unavailable]>.status_code
------------------------------ Captured log call -------------------------------
ERROR    src.api.routes:routes.py:151 Scraper allerdale_gov_uk failed
Traceback (most recent call last):
  File "/Users/christophersteinberg/Documents/GitHub/bins/src/api/routes.py", line 141, in lookup
    collections = await registry.invoke(council, params)
                  ^^^^^^^^^^^^^^^^^^^^^^^^^^^^^^^^^^^^^^
  File "/Users/christophersteinberg/Documents/GitHub/bins/src/api/scraper_registry.py", line 98, in invoke
    source = module.Source(**params)
TypeError: Source.__init__() got an unexpected keyword argument 'uprn'
________________________ test_lookup[angus_gov_uk_Test] ________________________
tests/test_api_scrapers.py:64: in test_lookup
    assert resp.status_code == 200, (
E   AssertionError: angus_gov_uk (Test): expected 200, got 503 — {"detail":"Scraper error: TypeError"}
E   assert 503 == 200
E    +  where 503 = <Response [503 Service Unavailable]>.status_code
------------------------------ Captured log call -------------------------------
ERROR    src.api.routes:routes.py:151 Scraper angus_gov_uk failed
Traceback (most recent call last):
  File "/Users/christophersteinberg/Documents/GitHub/bins/src/api/routes.py", line 141, in lookup
    collections = await registry.invoke(council, params)
                  ^^^^^^^^^^^^^^^^^^^^^^^^^^^^^^^^^^^^^^
  File "/Users/christophersteinberg/Documents/GitHub/bins/src/api/scraper_registry.py", line 99, in invoke
    return await source.fetch()
           ^^^^^^^^^^^^^^^^^^^^
  File "/Users/christophersteinberg/Documents/GitHub/bins/src/api/scrapers/angus_gov_uk.py", line 56, in fetch
    session.headers.update(
    ~~~~~~~~~~~~~~~~~~~~~~^
        {
        ^
    ...<4 lines>...
        }
        ^
    )
    ^
  File "/Users/christophersteinberg/Documents/GitHub/bins/.venv/lib/python3.13/site-packages/httpx/_models.py", line 275, in update
    headers = Headers(headers)
  File "/Users/christophersteinberg/Documents/GitHub/bins/.venv/lib/python3.13/site-packages/httpx/_models.py", line 156, in __init__
    bytes_value = _normalize_header_value(v, encoding)
  File "/Users/christophersteinberg/Documents/GitHub/bins/.venv/lib/python3.13/site-packages/httpx/_models.py", line 81, in _normalize_header_value
    raise TypeError(f"Header value must be str or bytes, not {type(value)}")
TypeError: Header value must be str or bytes, not <class 'httpx.URL'>
_____________ test_lookup[antrimandnewtownabbey_gov_uk_uprn + id] ______________
tests/test_api_scrapers.py:64: in test_lookup
    assert resp.status_code == 200, (
E   AssertionError: antrimandnewtownabbey_gov_uk (uprn + id): expected 200, got 404 — {"detail":"Council scraper 'antrimandnewtownabbey_gov_uk' not found"}
E   assert 404 == 200
E    +  where 404 = <Response [404 Not Found]>.status_code
_____________ test_lookup[armaghbanbridgecraigavon_gov_uk_BT667ES] _____________
tests/test_api_scrapers.py:64: in test_lookup
    assert resp.status_code == 200, (
E   AssertionError: armaghbanbridgecraigavon_gov_uk (BT667ES): expected 200, got 422 — {"detail":"Missing required parameters for armaghbanbridgecraigavon_gov_uk: ['address_id']. Required: ['address_id'], Optional: []"}
E   assert 422 == 200
E    +  where 422 = <Response [422 Unprocessable Entity]>.status_code
______________________ test_lookup[arun_gov_uk_Test_001] _______________________
tests/test_api_scrapers.py:64: in test_lookup
    assert resp.status_code == 200, (
E   AssertionError: arun_gov_uk (Test_001): expected 200, got 503 — {"detail":"Scraper error: TypeError"}
E   assert 503 == 200
E    +  where 503 = <Response [503 Service Unavailable]>.status_code
------------------------------ Captured log call -------------------------------
ERROR    src.api.routes:routes.py:151 Scraper arun_gov_uk failed
Traceback (most recent call last):
  File "/Users/christophersteinberg/Documents/GitHub/bins/src/api/routes.py", line 141, in lookup
    collections = await registry.invoke(council, params)
                  ^^^^^^^^^^^^^^^^^^^^^^^^^^^^^^^^^^^^^^
  File "/Users/christophersteinberg/Documents/GitHub/bins/src/api/scraper_registry.py", line 98, in invoke
    source = module.Source(**params)
TypeError: Source.__init__() got an unexpected keyword argument 'uprn'
_ test_lookup[ashfield_gov_uk_1 Acacia Avenue, Annesley Woodhouse, Nottingham, NG17 9BH] _
tests/test_api_scrapers.py:64: in test_lookup
    assert resp.status_code == 200, (
E   AssertionError: ashfield_gov_uk (1 Acacia Avenue, Annesley Woodhouse, Nottingham, NG17 9BH): expected 200, got 503 — {"detail":"Scraper error: TypeError"}
E   assert 503 == 200
E    +  where 503 = <Response [503 Service Unavailable]>.status_code
------------------------------ Captured log call -------------------------------
ERROR    src.api.routes:routes.py:151 Scraper ashfield_gov_uk failed
Traceback (most recent call last):
  File "/Users/christophersteinberg/Documents/GitHub/bins/src/api/routes.py", line 141, in lookup
    collections = await registry.invoke(council, params)
                  ^^^^^^^^^^^^^^^^^^^^^^^^^^^^^^^^^^^^^^
  File "/Users/christophersteinberg/Documents/GitHub/bins/src/api/scraper_registry.py", line 98, in invoke
    source = module.Source(**params)
TypeError: Source.__init__() got an unexpected keyword argument 'uprn'
___________________ test_lookup[ashford_gov_uk_100060796052] ___________________
tests/test_api_scrapers.py:64: in test_lookup
    assert resp.status_code == 200, (
E   AssertionError: ashford_gov_uk (100060796052): expected 200, got 503 — {"detail":"Council site unreachable: [SSL: CERTIFICATE_VERIFY_FAILED] certificate verify failed: unable to get local issuer certificate (_ssl.c:1028)"}
E   assert 503 == 200
E    +  where 503 = <Response [503 Service Unavailable]>.status_code
------------------------------ Captured log call -------------------------------
WARNING  src.api.scrapers.ashford_gov_uk:ashford_gov_uk.py:36 Forcing requests to use legacy TLSv1.2 & AES256-SHA256 to match ashford.gov.uk website
_________________ test_lookup[basildon_gov_uk_Test_Addres_001] _________________
tests/test_api_scrapers.py:64: in test_lookup
    assert resp.status_code == 200, (
E   AssertionError: basildon_gov_uk (Test_Addres_001): expected 200, got 503 — {"detail":"Scraper error: KeyError"}
E   assert 503 == 200
E    +  where 503 = <Response [503 Service Unavailable]>.status_code
------------------------------ Captured log call -------------------------------
ERROR    src.api.routes:routes.py:151 Scraper basildon_gov_uk failed
Traceback (most recent call last):
  File "/Users/christophersteinberg/Documents/GitHub/bins/src/api/routes.py", line 141, in lookup
    collections = await registry.invoke(council, params)
                  ^^^^^^^^^^^^^^^^^^^^^^^^^^^^^^^^^^^^^^
  File "/Users/christophersteinberg/Documents/GitHub/bins/src/api/scraper_registry.py", line 99, in invoke
    return await source.fetch()
           ^^^^^^^^^^^^^^^^^^^^
  File "/Users/christophersteinberg/Documents/GitHub/bins/src/api/scrapers/basildon_gov_uk.py", line 113, in fetch
    data = response.json()["refuse"]["available_services"]
           ~~~~~~~~~~~~~~~^^^^^^^^^^
KeyError: 'refuse'
___________________ test_lookup[basingstoke_gov_uk_Test_001] ___________________
tests/test_api_scrapers.py:64: in test_lookup
    assert resp.status_code == 200, (
E   AssertionError: basingstoke_gov_uk (Test_001): expected 200, got 503 — {"detail":"Scraper error: TypeError"}
E   assert 503 == 200
E    +  where 503 = <Response [503 Service Unavailable]>.status_code
------------------------------ Captured log call -------------------------------
ERROR    src.api.routes:routes.py:151 Scraper basingstoke_gov_uk failed
Traceback (most recent call last):
  File "/Users/christophersteinberg/Documents/GitHub/bins/src/api/routes.py", line 141, in lookup
    collections = await registry.invoke(council, params)
                  ^^^^^^^^^^^^^^^^^^^^^^^^^^^^^^^^^^^^^^
  File "/Users/christophersteinberg/Documents/GitHub/bins/src/api/scraper_registry.py", line 99, in invoke
    return await source.fetch()
           ^^^^^^^^^^^^^^^^^^^^
  File "/Users/christophersteinberg/Documents/GitHub/bins/src/api/scrapers/basingstoke_gov_uk.py", line 47, in fetch
    r = await httpx.AsyncClient(follow_redirects=True).get(
              ~~~~~~~~~~~~~~~~~~~~~~~~~~~~~~~~~~~~~~~~~~~~^
        "https://www.basingstoke.gov.uk/bincollections",
        ^^^^^^^^^^^^^^^^^^^^^^^^^^^^^^^^^^^^^^^^^^^^^^^^
    ...<2 lines>...
        verify=False,
        ^^^^^^^^^^^^^
    )
    ^
TypeError: AsyncClient.get() got an unexpected keyword argument 'verify'
_______________________ test_lookup[bathnes_gov_uk_uprn] _______________________
tests/test_api_scrapers.py:64: in test_lookup
    assert resp.status_code == 200, (
E   AssertionError: bathnes_gov_uk (uprn): expected 200, got 404 — {"detail":"Council scraper 'bathnes_gov_uk' not found"}
E   assert 404 == 200
E    +  where 404 = <Response [404 Not Found]>.status_code
______________________ test_lookup[blaby_gov_uk_Test_001] ______________________
tests/test_api_scrapers.py:64: in test_lookup
    assert resp.status_code == 200, (
E   AssertionError: blaby_gov_uk (Test_001): expected 200, got 503 — {"detail":"Scraper error: TypeError"}
E   assert 503 == 200
E    +  where 503 = <Response [503 Service Unavailable]>.status_code
------------------------------ Captured log call -------------------------------
ERROR    src.api.routes:routes.py:151 Scraper blaby_gov_uk failed
Traceback (most recent call last):
  File "/Users/christophersteinberg/Documents/GitHub/bins/src/api/routes.py", line 141, in lookup
    collections = await registry.invoke(council, params)
                  ^^^^^^^^^^^^^^^^^^^^^^^^^^^^^^^^^^^^^^
  File "/Users/christophersteinberg/Documents/GitHub/bins/src/api/scraper_registry.py", line 99, in invoke
    return await source.fetch()
           ^^^^^^^^^^^^^^^^^^^^
  File "/Users/christophersteinberg/Documents/GitHub/bins/src/api/scrapers/blaby_gov_uk.py", line 55, in fetch
    r = await s.get(
              ~~~~~^
        "https://my.blaby.gov.uk/set-location.php",
        ^^^^^^^^^^^^^^^^^^^^^^^^^^^^^^^^^^^^^^^^^^^
    ...<2 lines>...
        headers=HEADERS,
        ^^^^^^^^^^^^^^^^
    )
    ^
TypeError: AsyncClient.get() got an unexpected keyword argument 'verify'
____________________ test_lookup[blackburn_gov_uk_Test_001] ____________________
tests/test_api_scrapers.py:64: in test_lookup
    assert resp.status_code == 200, (
E   AssertionError: blackburn_gov_uk (Test_001): expected 200, got 503 — {"detail":"Scraper error: AttributeError"}
E   assert 503 == 200
E    +  where 503 = <Response [503 Service Unavailable]>.status_code
------------------------------ Captured log call -------------------------------
ERROR    src.api.routes:routes.py:151 Scraper blackburn_gov_uk failed
Traceback (most recent call last):
  File "/Users/christophersteinberg/Documents/GitHub/bins/src/api/routes.py", line 141, in lookup
    collections = await registry.invoke(council, params)
                  ^^^^^^^^^^^^^^^^^^^^^^^^^^^^^^^^^^^^^^
  File "/Users/christophersteinberg/Documents/GitHub/bins/src/api/scraper_registry.py", line 99, in invoke
    return await source.fetch()
                 ~~~~~~~~~~~~^^
  File "/Users/christophersteinberg/Documents/GitHub/bins/src/api/scrapers/blackburn_gov_uk.py", line 43, in fetch
    s.get_adapter("https://").ssl_context.check_hostname = False
    ^^^^^^^^^^^^^
AttributeError: 'AsyncClient' object has no attribute 'get_adapter'
____________ test_lookup[bolton_gov_uk_Test_Postcode_Without_Space] ____________
tests/test_api_scrapers.py:64: in test_lookup
    assert resp.status_code == 200, (
E   AssertionError: bolton_gov_uk (Test_Postcode_Without_Space): expected 200, got 503 — {"detail":"Scraper error: TypeError"}
E   assert 503 == 200
E    +  where 503 = <Response [503 Service Unavailable]>.status_code
------------------------------ Captured log call -------------------------------
ERROR    src.api.routes:routes.py:151 Scraper bolton_gov_uk failed
Traceback (most recent call last):
  File "/Users/christophersteinberg/Documents/GitHub/bins/src/api/routes.py", line 141, in lookup
    collections = await registry.invoke(council, params)
                  ^^^^^^^^^^^^^^^^^^^^^^^^^^^^^^^^^^^^^^
  File "/Users/christophersteinberg/Documents/GitHub/bins/src/api/scraper_registry.py", line 98, in invoke
    source = module.Source(**params)
TypeError: Source.__init__() got an unexpected keyword argument 'uprn'
_____________ test_lookup[bracknell_forest_gov_uk_44 Kennel Lane] ______________
tests/test_api_scrapers.py:64: in test_lookup
    assert resp.status_code == 200, (
E   AssertionError: bracknell_forest_gov_uk (44 Kennel Lane): expected 200, got 503 — {"detail":"Scraper error: TypeError"}
E   assert 503 == 200
E    +  where 503 = <Response [503 Service Unavailable]>.status_code
------------------------------ Captured log call -------------------------------
ERROR    src.api.routes:routes.py:151 Scraper bracknell_forest_gov_uk failed
Traceback (most recent call last):
  File "/Users/christophersteinberg/Documents/GitHub/bins/src/api/routes.py", line 141, in lookup
    collections = await registry.invoke(council, params)
                  ^^^^^^^^^^^^^^^^^^^^^^^^^^^^^^^^^^^^^^
  File "/Users/christophersteinberg/Documents/GitHub/bins/src/api/scraper_registry.py", line 98, in invoke
    source = module.Source(**params)
TypeError: Source.__init__() got an unexpected keyword argument 'uprn'
_____________________ test_lookup[bradford_gov_uk_Ilkley] ______________________
tests/test_api_scrapers.py:64: in test_lookup
    assert resp.status_code == 200, (
E   AssertionError: bradford_gov_uk (Ilkley): expected 200, got 503 — {"detail":"Council site unreachable: [SSL: CERTIFICATE_VERIFY_FAILED] certificate verify failed: self-signed certificate in certificate chain (_ssl.c:1028)"}
E   assert 503 == 200
E    +  where 503 = <Response [503 Service Unavailable]>.status_code
_______________ test_lookup[braintree_gov_uk_30 Boars Tye Road] ________________
tests/test_api_scrapers.py:64: in test_lookup
    assert resp.status_code == 200, (
E   AssertionError: braintree_gov_uk (30 Boars Tye Road): expected 200, got 503 — {"detail":"Scraper error: TypeError"}
E   assert 503 == 200
E    +  where 503 = <Response [503 Service Unavailable]>.status_code
------------------------------ Captured log call -------------------------------
ERROR    src.api.routes:routes.py:151 Scraper braintree_gov_uk failed
Traceback (most recent call last):
  File "/Users/christophersteinberg/Documents/GitHub/bins/src/api/routes.py", line 141, in lookup
    collections = await registry.invoke(council, params)
                  ^^^^^^^^^^^^^^^^^^^^^^^^^^^^^^^^^^^^^^
  File "/Users/christophersteinberg/Documents/GitHub/bins/src/api/scraper_registry.py", line 98, in invoke
    source = module.Source(**params)
TypeError: Source.__init__() got an unexpected keyword argument 'uprn'
_____________________ test_lookup[bromley_gov_uk_Test_001] _____________________
tests/test_api_scrapers.py:64: in test_lookup
    assert resp.status_code == 200, (
E   AssertionError: bromley_gov_uk (Test_001): expected 200, got 503 — {"detail":"Scraper error: TypeError"}
E   assert 503 == 200
E    +  where 503 = <Response [503 Service Unavailable]>.status_code
------------------------------ Captured log call -------------------------------
ERROR    src.api.routes:routes.py:151 Scraper bromley_gov_uk failed
Traceback (most recent call last):
  File "/Users/christophersteinberg/Documents/GitHub/bins/src/api/routes.py", line 141, in lookup
    collections = await registry.invoke(council, params)
                  ^^^^^^^^^^^^^^^^^^^^^^^^^^^^^^^^^^^^^^
  File "/Users/christophersteinberg/Documents/GitHub/bins/src/api/scraper_registry.py", line 98, in invoke
    source = module.Source(**params)
TypeError: Source.__init__() got an unexpected keyword argument 'uprn'
__________________ test_lookup[bury_gov_uk_Test_Address_001] ___________________
tests/test_api_scrapers.py:64: in test_lookup
    assert resp.status_code == 200, (
E   AssertionError: bury_gov_uk (Test_Address_001): expected 200, got 503 — {"detail":"Scraper error: TypeError"}
E   assert 503 == 200
E    +  where 503 = <Response [503 Service Unavailable]>.status_code
------------------------------ Captured log call -------------------------------
ERROR    src.api.routes:routes.py:151 Scraper bury_gov_uk failed
Traceback (most recent call last):
  File "/Users/christophersteinberg/Documents/GitHub/bins/src/api/routes.py", line 141, in lookup
    collections = await registry.invoke(council, params)
                  ^^^^^^^^^^^^^^^^^^^^^^^^^^^^^^^^^^^^^^
  File "/Users/christophersteinberg/Documents/GitHub/bins/src/api/scraper_registry.py", line 98, in invoke
    source = module.Source(**params)
TypeError: Source.__init__() got an unexpected keyword argument 'uprn'
__________________ test_lookup[cambridge_gov_uk_houseNumber] ___________________
tests/test_api_scrapers.py:64: in test_lookup
    assert resp.status_code == 200, (
E   AssertionError: cambridge_gov_uk (houseNumber): expected 200, got 503 — {"detail":"Scraper error: TypeError"}
E   assert 503 == 200
E    +  where 503 = <Response [503 Service Unavailable]>.status_code
------------------------------ Captured log call -------------------------------
ERROR    src.api.routes:routes.py:151 Scraper cambridge_gov_uk failed
Traceback (most recent call last):
  File "/Users/christophersteinberg/Documents/GitHub/bins/src/api/routes.py", line 141, in lookup
    collections = await registry.invoke(council, params)
                  ^^^^^^^^^^^^^^^^^^^^^^^^^^^^^^^^^^^^^^
  File "/Users/christophersteinberg/Documents/GitHub/bins/src/api/scraper_registry.py", line 98, in invoke
    source = module.Source(**params)
TypeError: Source.__init__() got an unexpected keyword argument 'uprn'
__________________ test_lookup[canterbury_gov_uk_houseNumber] __________________
tests/test_api_scrapers.py:64: in test_lookup
    assert resp.status_code == 200, (
E   AssertionError: canterbury_gov_uk (houseNumber): expected 200, got 503 — {"detail":"Scraper error: TypeError"}
E   assert 503 == 200
E    +  where 503 = <Response [503 Service Unavailable]>.status_code
------------------------------ Captured log call -------------------------------
ERROR    src.api.routes:routes.py:151 Scraper canterbury_gov_uk failed
Traceback (most recent call last):
  File "/Users/christophersteinberg/Documents/GitHub/bins/src/api/routes.py", line 141, in lookup
    collections = await registry.invoke(council, params)
                  ^^^^^^^^^^^^^^^^^^^^^^^^^^^^^^^^^^^^^^
  File "/Users/christophersteinberg/Documents/GitHub/bins/src/api/scraper_registry.py", line 98, in invoke
    source = module.Source(**params)
TypeError: Source.__init__() got an unexpected keyword argument 'uprn'
______________________ test_lookup[cardiff_gov_uk_Glass] _______________________
tests/test_api_scrapers.py:64: in test_lookup
    assert resp.status_code == 200, (
E   AssertionError: cardiff_gov_uk (Glass): expected 200, got 503 — {"detail":"Council site unreachable: Client error '401 Unauthorized' for url 'https://api.cardiff.gov.uk/WasteManagement/api/WasteCollection'\nFor more information check: https://developer.mozilla.org/en-US/docs/Web/HTTP/Status/401"}
E   assert 503 == 200
E    +  where 503 = <Response [503 Service Unavailable]>.status_code
__________ test_lookup[centralbedfordshire_gov_uk_postcode has space] __________
tests/test_api_scrapers.py:64: in test_lookup
    assert resp.status_code == 200, (
E   AssertionError: centralbedfordshire_gov_uk (postcode has space): expected 200, got 503 — {"detail":"Scraper error: TypeError"}
E   assert 503 == 200
E    +  where 503 = <Response [503 Service Unavailable]>.status_code
------------------------------ Captured log call -------------------------------
ERROR    src.api.routes:routes.py:151 Scraper centralbedfordshire_gov_uk failed
Traceback (most recent call last):
  File "/Users/christophersteinberg/Documents/GitHub/bins/src/api/routes.py", line 141, in lookup
    collections = await registry.invoke(council, params)
[...]

tests/test_api_scrapers.py::test_lookup[eastdevon_gov_uk_Test_001]
  /Users/christophersteinberg/Documents/GitHub/bins/src/api/scrapers/eastdevon_gov_uk.py:35: DeprecationWarning: Call to deprecated method findAll. (Replaced by find_all) -- Deprecated since version 4.0.0.
    bins = soup.findAll("h2")

tests/test_api_scrapers.py::test_lookup[eastdevon_gov_uk_Test_001]
  /Users/christophersteinberg/Documents/GitHub/bins/src/api/scrapers/eastdevon_gov_uk.py:36: DeprecationWarning: Call to deprecated method findAll. (Replaced by find_all) -- Deprecated since version 4.0.0.
    dates = soup.findAll("em")

tests/test_api_scrapers.py::test_lookup[exeter_gov_uk_Test_001]
  /Users/christophersteinberg/Documents/GitHub/bins/src/api/scrapers/exeter_gov_uk.py:39: DeprecationWarning: Call to deprecated method findAll. (Replaced by find_all) -- Deprecated since version 4.0.0.
    bins = soup.findAll("h2")

tests/test_api_scrapers.py::test_lookup[exeter_gov_uk_Test_001]
  /Users/christophersteinberg/Documents/GitHub/bins/src/api/scrapers/exeter_gov_uk.py:40: DeprecationWarning: Call to deprecated method findAll. (Replaced by find_all) -- Deprecated since version 4.0.0.
    dates = soup.findAll("h3")

tests/test_api_scrapers.py::test_lookup[folkestone_hythe_gov_uk_Folkestone_Test]
  /Users/christophersteinberg/Documents/GitHub/bins/src/api/scrapers/folkestone_hythe_gov_uk.py:34: DeprecationWarning: Call to deprecated method findAll. (Replaced by find_all) -- Deprecated since version 4.0.0.
    bin_tab = soup.findAll("div", {"id": "bincollections"})

tests/test_api_scrapers.py::test_lookup[gwynedd_gov_uk_200003177805]
  /Users/christophersteinberg/Documents/GitHub/bins/src/api/scrapers/gwynedd_gov_uk.py:36: DeprecationWarning: The 'text' argument to find()-type methods is deprecated. Use 'string' instead.
    collections_headline = soup.find("h6", text="Next collection dates:")

tests/test_api_scrapers.py::test_lookup[harlow_gov_uk_12 Kingfisher Gate, Old Harlow]
  /Users/christophersteinberg/Documents/GitHub/bins/src/api/scrapers/harlow_gov_uk.py:44: DeprecationWarning: Call to deprecated method findAll. (Replaced by find_all) -- Deprecated since version 4.0.0.
    x = soup.findAll("div", {"class": "row collectionsrow"})

tests/test_api_scrapers.py: 10 warnings
  /Users/christophersteinberg/Documents/GitHub/bins/src/api/scrapers/harlow_gov_uk.py:46: DeprecationWarning: Call to deprecated method findChildren. (Replaced by find_all) -- Deprecated since version 3.0.0.
    fields = row.findChildren()

tests/test_api_scrapers.py::test_lookup[liverpool_gov_uk_52 Swallowhurst Crescent Liverpool L11 2UZ]
  /Users/christophersteinberg/Documents/GitHub/bins/src/api/scrapers/liverpool_gov_uk.py:43: DeprecationWarning: Call to deprecated method findAll. (Replaced by find_all) -- Deprecated since version 4.0.0.
    table = soup.findAll('table')

tests/test_api_scrapers.py::test_lookup[liverpool_gov_uk_52 Swallowhurst Crescent Liverpool L11 2UZ]
  /Users/christophersteinberg/Documents/GitHub/bins/src/api/scrapers/liverpool_gov_uk.py:45: DeprecationWarning: Call to deprecated method findAll. (Replaced by find_all) -- Deprecated since version 4.0.0.
    rows = table[0].findAll(lambda tag: tag.name=='tr')

tests/test_api_scrapers.py::test_lookup[newcastle_staffs_gov_uk_Test_001]
  /Users/christophersteinberg/Documents/GitHub/bins/src/api/scrapers/newcastle_staffs_gov_uk.py:49: DeprecationWarning: Call to deprecated method findAll. (Replaced by find_all) -- Deprecated since version 4.0.0.
    for tr in soup.findAll("tr"):

tests/test_api_scrapers.py::test_lookup[newcastle_staffs_gov_uk_Test_001]
tests/test_api_scrapers.py::test_lookup[newcastle_staffs_gov_uk_Test_001]
tests/test_api_scrapers.py::test_lookup[newcastle_staffs_gov_uk_Test_001]
tests/test_api_scrapers.py::test_lookup[newcastle_staffs_gov_uk_Test_001]
tests/test_api_scrapers.py::test_lookup[newcastle_staffs_gov_uk_Test_001]
tests/test_api_scrapers.py::test_lookup[newcastle_staffs_gov_uk_Test_001]
tests/test_api_scrapers.py::test_lookup[newcastle_staffs_gov_uk_Test_001]
tests/test_api_scrapers.py::test_lookup[newcastle_staffs_gov_uk_Test_001]
tests/test_api_scrapers.py::test_lookup[newcastle_staffs_gov_uk_Test_001]
  /Users/christophersteinberg/Documents/GitHub/bins/src/api/scrapers/newcastle_staffs_gov_uk.py:51: DeprecationWarning: Call to deprecated method findAll. (Replaced by find_all) -- Deprecated since version 4.0.0.
    for cell in tr.findAll("td"):

tests/test_api_scrapers.py::test_lookup[northlanarkshire_gov_uk_Test_001]
  /Users/christophersteinberg/Documents/GitHub/bins/src/api/scrapers/northlanarkshire_gov_uk.py:67: DeprecationWarning: Call to deprecated method findAll. (Replaced by find_all) -- Deprecated since version 4.0.0.
    containers = soup.findAll("div", {"class": "waste-type-container"})

tests/test_api_scrapers.py::test_lookup[northyorks_harrogate_gov_uk_Test_001]
  /Users/christophersteinberg/Documents/GitHub/bins/src/api/scrapers/northyorks_harrogate_gov_uk.py:45: DeprecationWarning: Call to deprecated method findAll. (Replaced by find_all) -- Deprecated since version 4.0.0.
    tableClass = soup.findAll("table", {"class": "hbcRounds"})

tests/test_api_scrapers.py::test_lookup[nsomerset_gov_uk_Walliscote Grove Road, Weston super Mare]
  /Users/christophersteinberg/Documents/GitHub/bins/src/api/scrapers/nsomerset_gov_uk.py:77: DeprecationWarning: Parsing dates involving a day of month without a year specified is ambiguious
  and fails to parse leap day. The default behavior will change in Python 3.15
  to either always raise an exception or to use a different default year (TBD).
  To avoid trouble, add a specific year to the input & format.
  See https://github.com/python/cpython/issues/70647.
    date=datetime.strptime(date, "%A %d %B")

tests/test_api_scrapers.py::test_lookup[reigatebanstead_gov_uk_Test_001]
  /Users/christophersteinberg/Documents/GitHub/bins/src/api/scrapers/reigatebanstead_gov_uk.py:97: DeprecationWarning: Call to deprecated method findAll. (Replaced by find_all) -- Deprecated since version 4.0.0.
    datedata = rowdata.findAll("h3")

tests/test_api_scrapers.py::test_lookup[reigatebanstead_gov_uk_Test_001]
  /Users/christophersteinberg/Documents/GitHub/bins/src/api/scrapers/reigatebanstead_gov_uk.py:98: DeprecationWarning: Call to deprecated method findAll. (Replaced by find_all) -- Deprecated since version 4.0.0.
    bindata = rowdata.findAll("ul")

tests/test_api_scrapers.py::test_lookup[reigatebanstead_gov_uk_Test_001]
tests/test_api_scrapers.py::test_lookup[reigatebanstead_gov_uk_Test_001]
tests/test_api_scrapers.py::test_lookup[reigatebanstead_gov_uk_Test_001]
tests/test_api_scrapers.py::test_lookup[reigatebanstead_gov_uk_Test_001]
  /Users/christophersteinberg/Documents/GitHub/bins/src/api/scrapers/reigatebanstead_gov_uk.py:106: DeprecationWarning: Call to deprecated method findAll. (Replaced by find_all) -- Deprecated since version 4.0.0.
    bins = item.findAll('span')

tests/test_api_scrapers.py::test_lookup[walsall_gov_uk_test001]
  /Users/christophersteinberg/Documents/GitHub/bins/src/api/scrapers/walsall_gov_uk.py:48: DeprecationWarning: Call to deprecated method findAll. (Replaced by find_all) -- Deprecated since version 4.0.0.
    schedule_links = soup.findAll("a", {"class": "select-bin"}, href=True)

tests/test_api_scrapers.py::test_lookup[walsall_gov_uk_test001]
tests/test_api_scrapers.py::test_lookup[walsall_gov_uk_test001]
tests/test_api_scrapers.py::test_lookup[walsall_gov_uk_test001]
  /Users/christophersteinberg/Documents/GitHub/bins/src/api/scrapers/walsall_gov_uk.py:58: DeprecationWarning: Call to deprecated method findAll. (Replaced by find_all) -- Deprecated since version 4.0.0.
    table = soup.findAll("td")

tests/test_api_scrapers.py::test_lookup[warwickdc_gov_uk_Test_001]
  /Users/christophersteinberg/Documents/GitHub/bins/src/api/scrapers/warwickdc_gov_uk.py:34: DeprecationWarning: Call to deprecated method findAll. (Replaced by find_all) -- Deprecated since version 4.0.0.
    infoboxes = soup.findAll(

tests/test_api_scrapers.py::test_lookup[warwickdc_gov_uk_Test_001]
tests/test_api_scrapers.py::test_lookup[warwickdc_gov_uk_Test_001]
tests/test_api_scrapers.py::test_lookup[warwickdc_gov_uk_Test_001]
  /Users/christophersteinberg/Documents/GitHub/bins/src/api/scrapers/warwickdc_gov_uk.py:40: DeprecationWarning: Call to deprecated method findAll. (Replaced by find_all) -- Deprecated since version 4.0.0.
    items = box.findAll("p")

tests/test_api_scrapers.py::test_lookup[west_dunbartonshire_gov_uk_2/2 26 Kilbowie Road, Clydebank]
  /Users/christophersteinberg/Documents/GitHub/bins/src/api/scrapers/west_dunbartonshire_gov_uk.py:75: DeprecationWarning: Call to deprecated method findAll. (Replaced by find_all) -- Deprecated since version 4.0.0.
    schedule_details = soup.findAll("div", {"class": "round-info"})

tests/test_api_scrapers.py::test_lookup[west_norfolk_gov_uk_Test_001]
tests/test_api_scrapers.py::test_lookup[west_norfolk_gov_uk_Test_001]
  /Users/christophersteinberg/Documents/GitHub/bins/.venv/lib/python3.13/site-packages/httpx/_client.py:1768: DeprecationWarning: Setting per-request cookies=<...> is being deprecated, because the expected behaviour on cookie persistence is ambiguous. Set cookies directly on the client instance instead.
    return await self.request(

tests/test_api_scrapers.py::test_lookup[west_norfolk_gov_uk_Test_001]
  /Users/christophersteinberg/Documents/GitHub/bins/src/api/scrapers/west_norfolk_gov_uk.py:63: DeprecationWarning: Call to deprecated method findAll. (Replaced by find_all) -- Deprecated since version 4.0.0.
    pickups = soup.findAll("div", {"class": "cldr_month"})

tests/test_api_scrapers.py::test_lookup[west_norfolk_gov_uk_Test_001]
tests/test_api_scrapers.py::test_lookup[west_norfolk_gov_uk_Test_001]
tests/test_api_scrapers.py::test_lookup[west_norfolk_gov_uk_Test_001]
tests/test_api_scrapers.py::test_lookup[west_norfolk_gov_uk_Test_001]
tests/test_api_scrapers.py::test_lookup[west_norfolk_gov_uk_Test_001]
tests/test_api_scrapers.py::test_lookup[west_norfolk_gov_uk_Test_001]
  /Users/christophersteinberg/Documents/GitHub/bins/src/api/scrapers/west_norfolk_gov_uk.py:66: DeprecationWarning: Call to deprecated method findAll. (Replaced by find_all) -- Deprecated since version 4.0.0.
    dates = item.findAll("td", {"class": re.compile(" (recycling|refuse|garden)")})

-- Docs: https://docs.pytest.org/en/stable/how-to/capture-warnings.html
=========================== short test summary info ============================
FAILED tests/test_api_scrapers.py::test_lookup[aberdeenshire_gov_uk_Test_001]
FAILED tests/test_api_scrapers.py::test_lookup[allerdale_gov_uk_Keswick] - As...
FAILED tests/test_api_scrapers.py::test_lookup[angus_gov_uk_Test] - Assertion...
FAILED tests/test_api_scrapers.py::test_lookup[antrimandnewtownabbey_gov_uk_uprn + id]
FAILED tests/test_api_scrapers.py::test_lookup[armaghbanbridgecraigavon_gov_uk_BT667ES]
FAILED tests/test_api_scrapers.py::test_lookup[arun_gov_uk_Test_001] - Assert...
FAILED tests/test_api_scrapers.py::test_lookup[ashfield_gov_uk_1 Acacia Avenue, Annesley Woodhouse, Nottingham, NG17 9BH]
FAILED tests/test_api_scrapers.py::test_lookup[ashford_gov_uk_100060796052]
FAILED tests/test_api_scrapers.py::test_lookup[basildon_gov_uk_Test_Addres_001]
FAILED tests/test_api_scrapers.py::test_lookup[basingstoke_gov_uk_Test_001]
FAILED tests/test_api_scrapers.py::test_lookup[bathnes_gov_uk_uprn] - Asserti...
FAILED tests/test_api_scrapers.py::test_lookup[blaby_gov_uk_Test_001] - Asser...
FAILED tests/test_api_scrapers.py::test_lookup[blackburn_gov_uk_Test_001] - A...
FAILED tests/test_api_scrapers.py::test_lookup[bolton_gov_uk_Test_Postcode_Without_Space]
FAILED tests/test_api_scrapers.py::test_lookup[bracknell_forest_gov_uk_44 Kennel Lane]
FAILED tests/test_api_scrapers.py::test_lookup[bradford_gov_uk_Ilkley] - Asse...
FAILED tests/test_api_scrapers.py::test_lookup[braintree_gov_uk_30 Boars Tye Road]
FAILED tests/test_api_scrapers.py::test_lookup[bromley_gov_uk_Test_001] - Ass...
FAILED tests/test_api_scrapers.py::test_lookup[bury_gov_uk_Test_Address_001]
FAILED tests/test_api_scrapers.py::test_lookup[cambridge_gov_uk_houseNumber]
FAILED tests/test_api_scrapers.py::test_lookup[canterbury_gov_uk_houseNumber]
FAILED tests/test_api_scrapers.py::test_lookup[cardiff_gov_uk_Glass] - Assert...
FAILED tests/test_api_scrapers.py::test_lookup[centralbedfordshire_gov_uk_postcode has space]
FAILED tests/test_api_scrapers.py::test_lookup[charnwood_gov_uk_111, Main Street, Swithland]
FAILED tests/test_api_scrapers.py::test_lookup[chelmsford_gov_uk_Test_001] - ...
FAILED tests/test_api_scrapers.py::test_lookup[cheshire_east_gov_uk_houseUPRN-VerifyTrue]
FAILED tests/test_api_scrapers.py::test_lookup[chesterfield_gov_uk_Test_001]
FAILED tests/test_api_scrapers.py::test_lookup[chichester_gov_uk_Test_001] - ...
FAILED tests/test_api_scrapers.py::test_lookup[chiltern_gov_uk_Test_004] - As...
FAILED tests/test_api_scrapers.py::test_lookup[colchester_gov_uk_Church Road, Colchester]
FAILED tests/test_api_scrapers.py::test_lookup[coventry_gov_uk_Test_001] - As...
FAILED tests/test_api_scrapers.py::test_lookup[croydon_gov_uk_Test_001] - Ass...
FAILED tests/test_api_scrapers.py::test_lookup[cumberland_gov_uk_Test_001] - ...
FAILED tests/test_api_scrapers.py::test_lookup[derby_gov_uk_22A Wood Road, Chaddesden, Derby, DE21 4LU]
FAILED tests/test_api_scrapers.py::test_lookup[dudley_gov_uk_Test_001] - Asse...
FAILED tests/test_api_scrapers.py::test_lookup[east_renfrewshire_gov_uk_Test_001]
FAILED tests/test_api_scrapers.py::test_lookup[eastdunbarton_gov_uk_Test_001]
FAILED tests/test_api_scrapers.py::test_lookup[eastleigh_gov_uk_100060319000]
FAILED tests/test_api_scrapers.py::test_lookup[eastlothian_gov_uk_EH21 8GU 4 Laing Loan, Wallyford]
FAILED tests/test_api_scrapers.py::test_lookup[fareham_gov_uk_HUNTS_POND_ROAD]
FAILED tests/test_api_scrapers.py::test_lookup[fenland_gov_uk_Address1] - Ass...
FAILED tests/test_api_scrapers.py::test_lookup[folkestone_hythe_gov_uk_Folkestone_Test]
FAILED tests/test_api_scrapers.py::test_lookup[fylde_gov_uk_Test1] - Assertio...
FAILED tests/test_api_scrapers.py::test_lookup[gateshead_gov_uk_Test_001] - A...
FAILED tests/test_api_scrapers.py::test_lookup[harrow_gov_uk_1 Dudley Gardens]
FAILED tests/test_api_scrapers.py::test_lookup[hastings_gov_uk_Test_001] - As...
FAILED tests/test_api_scrapers.py::test_lookup[herefordshire_gov_uk_houseNumber]
FAILED tests/test_api_scrapers.py::test_lookup[highland_gov_uk_Allangrange Mains Road, Black Isle]
FAILED tests/test_api_scrapers.py::test_lookup[highpeak_gov_uk_SK23 6BQ 10010724045]
FAILED tests/test_api_scrapers.py::test_lookup[hounslow_gov_uk_10090801236]
FAILED tests/test_api_scrapers.py::test_lookup[kirklees_gov_uk_Test_001] - As...
FAILED tests/test_api_scrapers.py::test_lookup[lancaster_gov_uk_1 Queen Street Lancaster, LA1 1RS]
FAILED tests/test_api_scrapers.py::test_lookup[lewisham_gov_uk_houseNumber]
FAILED tests/test_api_scrapers.py::test_lookup[lisburn_castlereagh_gov_uk_Test_001]
FAILED tests/test_api_scrapers.py::test_lookup[merton_gov_uk_Without Garden Waste]
FAILED tests/test_api_scrapers.py::test_lookup[midsussex_gov_uk_Test Case 1: 23 High Street]
FAILED tests/test_api_scrapers.py::test_lookup[monmouthshire_gov_uk_200000952833]
FAILED tests/test_api_scrapers.py::test_lookup[moray_gov_uk_Test_001] - Asser...
FAILED tests/test_api_scrapers.py::test_lookup[newark_sherwooddc_gov_uk_Edwinstowe]
FAILED tests/test_api_scrapers.py::test_lookup[newham_gov_uk_Test_001] - Asse...
FAILED tests/test_api_scrapers.py::test_lookup[north_ayrshire_gov_uk_Test_001]
FAILED tests/test_api_scrapers.py::test_lookup[north_norfolk_gov_uk_Test_001]
FAILED tests/test_api_scrapers.py::test_lookup[northherts_gov_uk_Example] - A...
FAILED tests/test_api_scrapers.py::test_lookup[norwich_gov_uk_GoodExample] - ...
FAILED tests/test_api_scrapers.py::test_lookup[nwleics_gov_uk_Dunmore] - Asse...
FAILED tests/test_api_scrapers.py::test_lookup[oadby_wigston_gov_uk_111, Main Street, Swithland]
FAILED tests/test_api_scrapers.py::test_lookup[oldham_gov_uk_Test_001] - Asse...
FAILED tests/test_api_scrapers.py::test_lookup[oxford_gov_uk_Magdalen Road]
FAILED tests/test_api_scrapers.py::test_lookup[preston_gov_uk_Test_001] - Ass...
FAILED tests/test_api_scrapers.py::test_lookup[reading_gov_uk_known_uprn] - A...
FAILED tests/test_api_scrapers.py::test_lookup[redbridge_gov_uk_council office recycling only]
FAILED tests/test_api_scrapers.py::test_lookup[richmondshire_gov_uk_test1] - ...
FAILED tests/test_api_scrapers.py::test_lookup[rother_gov_uk_Test_01] - Asser...
FAILED tests/test_api_scrapers.py::test_lookup[rotherham_gov_uk_374 Kimberworth Park Rd]
FAILED tests/test_api_scrapers.py::test_lookup[royalgreenwich_gov_uk_address]
FAILED tests/test_api_scrapers.py::test_lookup[rushcliffe_gov_uk_NG12 5FE 2 Church Drive, Keyworth, NOTTINGHAM, NG12 5FE]
FAILED tests/test_api_scrapers.py::test_lookup[scambs_gov_uk_houseNumber] - A...
FAILED tests/test_api_scrapers.py::test_lookup[sefton_gov_uk_Issue2369] - Ass...
FAILED tests/test_api_scrapers.py::test_lookup[sheffield_gov_uk_test001] - As...
FAILED tests/test_api_scrapers.py::test_lookup[sholland_gov_uk_10002546801]
FAILED tests/test_api_scrapers.py::test_lookup[south_norfolk_and_broadland_gov_uk_Random address]
FAILED tests/test_api_scrapers.py::test_lookup[southkesteven_gov_uk_Long Bennington]
FAILED tests/test_api_scrapers.py::test_lookup[st_helens_gov_uk_Test_001] - A...
FAILED tests/test_api_scrapers.py::test_lookup[stevenage_gov_uk_Chepstow Close]
FAILED tests/test_api_scrapers.py::test_lookup[stockton_gov_uk_100110203615]
FAILED tests/test_api_scrapers.py::test_lookup[stoke_gov_uk_Test1] - Assertio...
FAILED tests/test_api_scrapers.py::test_lookup[sunderland_gov_uk_Test_001] - ...
FAILED tests/test_api_scrapers.py::test_lookup[sutton_gov_uk_4721996] - Asser...
FAILED tests/test_api_scrapers.py::test_lookup[swale_gov_uk_Swale House] - As...
FAILED tests/test_api_scrapers.py::test_lookup[swansea_gov_uk_Cwmdonkin Drive]
FAILED tests/test_api_scrapers.py::test_lookup[tewkesbury_gov_uk_UPRN example]
FAILED tests/test_api_scrapers.py::test_lookup[thanet_gov_uk_uprn] - Assertio...
FAILED tests/test_api_scrapers.py::test_lookup[thurrock_gov_uk_Camden Close Chadwell St Mary]
FAILED tests/test_api_scrapers.py::test_lookup[tmbc_gov_uk_High Street, West Malling]
FAILED tests/test_api_scrapers.py::test_lookup[torridge_gov_uk_Test_001] - As...
FAILED tests/test_api_scrapers.py::test_lookup[uttlesford_gov_uk_Brook Cottage, CM6 1LW]
FAILED tests/test_api_scrapers.py::test_lookup[valeofglamorgan_gov_uk_CF62 7JP]
FAILED tests/test_api_scrapers.py::test_lookup[wakefield_gov_uk_uprn1] - Asse...
FAILED tests/test_api_scrapers.py::test_lookup[walthamforest_gov_uk_200001421821]
FAILED tests/test_api_scrapers.py::test_lookup[waverley_gov_uk_Example] - Ass...
FAILED tests/test_api_scrapers.py::test_lookup[west_lindsey_gov_uk_Test_001]
FAILED tests/test_api_scrapers.py::test_lookup[westberks_gov_uk_known_uprn]
FAILED tests/test_api_scrapers.py::test_lookup[westlothian_gov_uk_Test_001]
FAILED tests/test_api_scrapers.py::test_lookup[westoxon_gov_uk_75 manor road woodstock, ox20 1xr]
FAILED tests/test_api_scrapers.py::test_lookup[westsuffolk_gov_uk_Flat, The Flying Shuttle, Three Counties Way, Withersfield, CB9 7FB]
FAILED tests/test_api_scrapers.py::test_lookup[wigan_gov_uk_Test_001] - Asser...
FAILED tests/test_api_scrapers.py::test_lookup[wiltshire_gov_uk_standard_uprn]
FAILED tests/test_api_scrapers.py::test_lookup[wirral_gov_uk_Test_001] - Asse...
FAILED tests/test_api_scrapers.py::test_lookup[wokingham_gov_uk_Test_001] - A...
FAILED tests/test_api_scrapers.py::test_lookup[wychavon_gov_uk_10013938132]
FAILED tests/test_api_scrapers.py::test_lookup[wyreforestdc_gov_uk_2 Kinver Avenue, Kidderminster]
=========== 111 failed, 125 passed, 92 warnings in 267.97s (0:04:27) ===========
